
*** Running vitis_hls
    with args -f setup_aie.tcl -messageDb vitis_hls.pb


****** Vitis HLS - High-Level Synthesis from C, C++ and OpenCL v2022.2 (64-bit)
  **** SW Build 3670227 on Oct 13 2022
  **** IP Build 3669848 on Fri Oct 14 08:30:02 MDT 2022
    ** Copyright 1986-2022 Xilinx, Inc. All Rights Reserved.

source /xilinx/software/Vitis_HLS/2022.2/scripts/vitis_hls/hls.tcl -notrace
INFO: [HLS 200-10] Running '/xilinx/software/Vitis_HLS/2022.2/bin/unwrapped/lnx64.o/vitis_hls'
INFO: [HLS 200-10] For user 'giuseppe.sorrentino' on host 'NAGS30' (Linux_x86_64 version 3.10.0-1160.95.1.el7.x86_64) on Thu Oct 17 12:34:02 CEST 2024
INFO: [HLS 200-10] On os "CentOS Linux release 7.9.2009 (Core)"
INFO: [HLS 200-10] In directory '/home/users/giuseppe.sorrentino/VOTED/FPGA/_x/setup_aie_hw/setup_aie'
Sourcing Tcl script 'setup_aie.tcl'
INFO: [HLS 200-1510] Running: open_project setup_aie 
INFO: [HLS 200-10] Creating and opening project '/home/users/giuseppe.sorrentino/VOTED/FPGA/_x/setup_aie_hw/setup_aie/setup_aie'.
INFO: [HLS 200-1510] Running: set_top setup_aie 
INFO: [HLS 200-1510] Running: add_files /home/users/giuseppe.sorrentino/VOTED/FPGA/setup_aie.cpp -cflags  -g 
INFO: [HLS 200-10] Adding design file '/home/users/giuseppe.sorrentino/VOTED/FPGA/setup_aie.cpp' to the project
INFO: [HLS 200-1510] Running: open_solution -flow_target vitis solution 
INFO: [HLS 200-10] Creating and opening solution '/home/users/giuseppe.sorrentino/VOTED/FPGA/_x/setup_aie_hw/setup_aie/setup_aie/solution'.
INFO: [HLS 200-1505] Using flow_target 'vitis'
Resolution: For help on HLS 200-1505 see www.xilinx.com/cgi-bin/docs/rdoc?v=2022.2;t=hls+guidance;d=200-1505.html
INFO: [HLS 200-435] Setting 'open_solution -flow_target vitis' configuration: config_interface -m_axi_latency=64
INFO: [HLS 200-435] Setting 'open_solution -flow_target vitis' configuration: config_interface -m_axi_alignment_byte_size=64
INFO: [HLS 200-435] Setting 'open_solution -flow_target vitis' configuration: config_interface -m_axi_max_widen_bitwidth=512
INFO: [HLS 200-435] Setting 'open_solution -flow_target vitis' configuration: config_rtl -register_reset_num=3
INFO: [HLS 200-1510] Running: set_part xcvc1902-vsvd1760-2MP-e-S 
INFO: [HLS 200-1611] Setting target device to 'xcvc1902-vsvd1760-2MP-e-S'
INFO: [HLS 200-1510] Running: create_clock -period 299.996999MHz -name default 
INFO: [SYN 201-201] Setting up clock 'default' with a period of 3.333ns.
INFO: [HLS 200-1510] Running: config_rtl -kernel_profile 
INFO: [HLS 200-1510] Running: config_dataflow -strict_mode warning 
INFO: [HLS 200-1510] Running: config_debug -enable 
INFO: [HLS 200-1510] Running: config_export -deadlock_detection sim 
WARNING: [HLS 200-483] The 'config_export -deadlock_detection' command is deprecated and will be removed in a future release. Use 'config_rtl -deadlock_detection' as its replacement.
INFO: [HLS 200-1907] Replacing 'config_export -deadlock_detection=sim' with 'config_rtl -deadlock_detection=sim' in current solution file
INFO: [HLS 200-1510] Running: config_interface -m_axi_conservative_mode=1 
INFO: [HLS 200-1510] Running: config_interface -m_axi_addr64 
INFO: [HLS 200-1510] Running: config_interface -m_axi_auto_max_ports=0 
INFO: [HLS 200-1510] Running: config_export -format xo -ipname setup_aie 
INFO: [HLS 200-1907] Replacing 'config_export -deadlock_detection=sim' with 'config_rtl -deadlock_detection=sim' in current solution file
INFO: [HLS 200-1510] Running: csynth_design 
INFO: [HLS 200-111] Finished File checks and directory preparation: CPU user time: 0.02 seconds. CPU system time: 0 seconds. Elapsed time: 0.02 seconds; current allocated memory: 848.598 MB.
INFO: [HLS 200-10] Analyzing design file '/home/users/giuseppe.sorrentino/VOTED/FPGA/setup_aie.cpp' ... 
INFO: [HLS 200-111] Finished Source Code Analysis and Preprocessing: CPU user time: 32.79 seconds. CPU system time: 2.87 seconds. Elapsed time: 35.67 seconds; current allocated memory: 848.598 MB.
INFO: [HLS 200-777] Using interface defaults for 'Vitis' flow target.
INFO: [HLS 214-115] Multiple burst reads of variable length and bit width 128 has been inferred on bundle 'gmem0'. These burst requests might be further partitioned into multiple requests during RTL generation, based on max_read_burst_length or max_write_burst_length settings. (/home/users/giuseppe.sorrentino/VOTED/FPGA/setup_aie.cpp:53:19)
INFO: [HLS 200-111] Finished Compiling Optimization and Transform: CPU user time: 3.52 seconds. CPU system time: 0.85 seconds. Elapsed time: 4.38 seconds; current allocated memory: 848.598 MB.
INFO: [HLS 200-111] Finished Checking Pragmas: CPU user time: 0.01 seconds. CPU system time: 0 seconds. Elapsed time: 0 seconds; current allocated memory: 848.598 MB.
INFO: [HLS 200-10] Starting code transformations ...
INFO: [HLS 200-111] Finished Standard Transforms: CPU user time: 0.03 seconds. CPU system time: 0.01 seconds. Elapsed time: 0.04 seconds; current allocated memory: 848.598 MB.
INFO: [HLS 200-10] Checking synthesizability ...
INFO: [HLS 200-111] Finished Checking Synthesizability: CPU user time: 0.02 seconds. CPU system time: 0 seconds. Elapsed time: 0.03 seconds; current allocated memory: 848.598 MB.
INFO: [XFORM 203-510] Pipelining loop 'VITIS_LOOP_53_1' (/home/users/giuseppe.sorrentino/VOTED/FPGA/setup_aie.cpp:53) in function 'setup_aie' automatically.
INFO: [HLS 200-111] Finished Loop, function and other optimizations: CPU user time: 0.06 seconds. CPU system time: 0.01 seconds. Elapsed time: 0.07 seconds; current allocated memory: 848.598 MB.
INFO: [HLS 200-111] Finished Architecture Synthesis: CPU user time: 0.04 seconds. CPU system time: 0 seconds. Elapsed time: 0.04 seconds; current allocated memory: 848.598 MB.
INFO: [HLS 200-10] Starting hardware synthesis ...
INFO: [HLS 200-10] Synthesizing 'setup_aie' ...
INFO: [HLS 200-10] ----------------------------------------------------------------
INFO: [HLS 200-42] -- Implementing module 'setup_aie_Pipeline_VITIS_LOOP_53_1' 
INFO: [HLS 200-10] ----------------------------------------------------------------
INFO: [SCHED 204-11] Starting scheduling ...
INFO: [SCHED 204-61] Pipelining loop 'VITIS_LOOP_53_1'.
INFO: [HLS 200-1470] Pipelining result : Target II = NA, Final II = 1, Depth = 2, loop 'VITIS_LOOP_53_1'
INFO: [SCHED 204-11] Finished scheduling.
INFO: [HLS 200-111] Finished Scheduling: CPU user time: 0.07 seconds. CPU system time: 0.05 seconds. Elapsed time: 0.13 seconds; current allocated memory: 848.598 MB.
INFO: [BIND 205-100] Starting micro-architecture generation ...
INFO: [BIND 205-101] Performing variable lifetime analysis.
INFO: [BIND 205-101] Exploring resource sharing.
INFO: [BIND 205-101] Binding ...
INFO: [BIND 205-100] Finished micro-architecture generation.
INFO: [HLS 200-111] Finished Binding: CPU user time: 0.03 seconds. CPU system time: 0 seconds. Elapsed time: 0.04 seconds; current allocated memory: 848.598 MB.
INFO: [HLS 200-10] ----------------------------------------------------------------
INFO: [HLS 200-42] -- Implementing module 'setup_aie' 
INFO: [HLS 200-10] ----------------------------------------------------------------
INFO: [SCHED 204-11] Starting scheduling ...
INFO: [SCHED 204-11] Finished scheduling.
INFO: [HLS 200-111] Finished Scheduling: CPU user time: 0.25 seconds. CPU system time: 0.01 seconds. Elapsed time: 0.25 seconds; current allocated memory: 848.598 MB.
INFO: [BIND 205-100] Starting micro-architecture generation ...
INFO: [BIND 205-101] Performing variable lifetime analysis.
INFO: [BIND 205-101] Exploring resource sharing.
INFO: [BIND 205-101] Binding ...
INFO: [BIND 205-100] Finished micro-architecture generation.
INFO: [HLS 200-111] Finished Binding: CPU user time: 0.5 seconds. CPU system time: 0 seconds. Elapsed time: 0.49 seconds; current allocated memory: 848.598 MB.
INFO: [HLS 200-10] ----------------------------------------------------------------
INFO: [HLS 200-10] -- Generating RTL for module 'setup_aie_Pipeline_VITIS_LOOP_53_1' 
INFO: [HLS 200-10] ----------------------------------------------------------------
INFO: [HLS 200-1030] Apply Unified Pipeline Control on module 'setup_aie_Pipeline_VITIS_LOOP_53_1' pipeline 'VITIS_LOOP_53_1' pipeline type 'loop pipeline'
WARNING: [RTGEN 206-101] Setting dangling out port 'setup_aie_Pipeline_VITIS_LOOP_53_1/m_axi_gmem0_ARVALID' to 0.
WARNING: [RTGEN 206-101] Setting dangling out port 'setup_aie_Pipeline_VITIS_LOOP_53_1/m_axi_gmem0_ARADDR' to 0.
WARNING: [RTGEN 206-101] Setting dangling out port 'setup_aie_Pipeline_VITIS_LOOP_53_1/m_axi_gmem0_ARID' to 0.
WARNING: [RTGEN 206-101] Setting dangling out port 'setup_aie_Pipeline_VITIS_LOOP_53_1/m_axi_gmem0_ARLEN' to 0.
WARNING: [RTGEN 206-101] Setting dangling out port 'setup_aie_Pipeline_VITIS_LOOP_53_1/m_axi_gmem0_ARSIZE' to 0.
WARNING: [RTGEN 206-101] Setting dangling out port 'setup_aie_Pipeline_VITIS_LOOP_53_1/m_axi_gmem0_ARBURST' to 0.
WARNING: [RTGEN 206-101] Setting dangling out port 'setup_aie_Pipeline_VITIS_LOOP_53_1/m_axi_gmem0_ARLOCK' to 0.
WARNING: [RTGEN 206-101] Setting dangling out port 'setup_aie_Pipeline_VITIS_LOOP_53_1/m_axi_gmem0_ARCACHE' to 0.
WARNING: [RTGEN 206-101] Setting dangling out port 'setup_aie_Pipeline_VITIS_LOOP_53_1/m_axi_gmem0_ARPROT' to 0.
WARNING: [RTGEN 206-101] Setting dangling out port 'setup_aie_Pipeline_VITIS_LOOP_53_1/m_axi_gmem0_ARQOS' to 0.
WARNING: [RTGEN 206-101] Setting dangling out port 'setup_aie_Pipeline_VITIS_LOOP_53_1/m_axi_gmem0_ARREGION' to 0.
WARNING: [RTGEN 206-101] Setting dangling out port 'setup_aie_Pipeline_VITIS_LOOP_53_1/m_axi_gmem0_ARUSER' to 0.
INFO: [RTGEN 206-100] Finished creating RTL model for 'setup_aie_Pipeline_VITIS_LOOP_53_1'.
INFO: [HLS 200-111] Finished Creating RTL model: CPU user time: 0.14 seconds. CPU system time: 0 seconds. Elapsed time: 0.14 seconds; current allocated memory: 848.598 MB.
INFO: [HLS 200-10] ----------------------------------------------------------------
INFO: [HLS 200-10] -- Generating RTL for module 'setup_aie' 
INFO: [HLS 200-10] ----------------------------------------------------------------
WARNING: [RTGEN 206-101] Design contains AXI ports. Reset is fixed to synchronous and active low.
INFO: [RTGEN 206-500] Setting interface mode on port 'setup_aie/gmem0' to 'm_axi'.
INFO: [RTGEN 206-500] Setting interface mode on port 'setup_aie/size' to 's_axilite & ap_none'.
INFO: [RTGEN 206-500] Setting interface mode on port 'setup_aie/input_r' to 's_axilite & ap_none'.
INFO: [RTGEN 206-500] Setting interface mode on port 'setup_aie/s' to 'axis' (register, both mode).
INFO: [RTGEN 206-500] Setting interface mode on function 'setup_aie' to 's_axilite & ap_ctrl_chain'.
INFO: [RTGEN 206-100] Bundling port 'size', 'input_r' to AXI-Lite port control.
INFO: [RTGEN 206-100] Finished creating RTL model for 'setup_aie'.
INFO: [HLS 200-111] Finished Creating RTL model: CPU user time: 0.2 seconds. CPU system time: 0.01 seconds. Elapsed time: 0.21 seconds; current allocated memory: 848.598 MB.
INFO: [HLS 200-111] Finished Generating all RTL models: CPU user time: 0.67 seconds. CPU system time: 0.03 seconds. Elapsed time: 0.7 seconds; current allocated memory: 848.598 MB.
INFO: [HLS 200-1603] Design has inferred MAXI bursts and missed bursts, see Vitis HLS GUI synthesis summary report for detailed information.
INFO: [HLS 200-111] Finished Updating report files: CPU user time: 0.82 seconds. CPU system time: 0.04 seconds. Elapsed time: 0.86 seconds; current allocated memory: 912.598 MB.
INFO: [VHDL 208-304] Generating VHDL RTL for setup_aie.
INFO: [VLOG 209-307] Generating Verilog RTL for setup_aie.
INFO: [HLS 200-790] **** Loop Constraint Status: All loop constraints were satisfied.
INFO: [HLS 200-789] **** Estimated Fmax: 411.00 MHz
INFO: [HLS 200-111] Finished Command csynth_design CPU user time: 39.16 seconds. CPU system time: 3.89 seconds. Elapsed time: 43.09 seconds; current allocated memory: 64.000 MB.
INFO: [HLS 200-1510] Running: export_design 
INFO: [IMPL 213-8] Exporting RTL as a Vivado IP.
INFO: [Common 17-41] Interrupt caught. Command should exit soon.
INFO: [HLS 200-111] Finished Command export_design CPU user time: 0.31 seconds. CPU system time: 0.02 seconds. Elapsed time: 0.32 seconds; current allocated memory: 0.000 MB.
1
    while executing
"catch {eval "::vitis_hls_bin $myArgs"} err"
    (procedure "::AP::command_distributor" line 157)
    invoked from within
"::AP::command_distributor 0"
    (procedure "::AP::autosetupRun" line 49)
    invoked from within
"::AP::autosetupRun"
INFO: [Common 17-344] 'source' was cancelled
INFO: [HLS 200-112] Total CPU user time: 43.22 seconds. Total CPU system time: 4.77 seconds. Total elapsed time: 47.79 seconds; peak allocated memory: 912.598 MB.
INFO: [Common 17-206] Exiting vitis_hls at Thu Oct 17 12:34:49 2024...
