Thu Oct 17 12:33:06 2024: Running xcd server. This server was built by gradle.
Thu Oct 17 12:33:06 2024: Server was asked to start on port: '33424'
Thu Oct 17 12:33:06 2024: Server is using token UUID: 'b7247a06-eeca-4c3e-95c5-db1c801e816c'
Thu Oct 17 12:33:06 2024: SESSION_MGR: creating session with session uuid: '6d04a3e9-ade5-4ab9-8d63-1f78fcd2ec76' and name 'default'
Thu Oct 17 12:33:06 2024: Attempting to start server on port '33424'
Thu Oct 17 12:33:06 2024: XCD main fifo: created main fifo '/tmp/xcdmainb7247a06-eeca-4c3e-95c5-db1c801e816c', fd read = 13
Thu Oct 17 12:33:06 2024: Running Dispatch Server
Thu Oct 17 12:33:06 2024: Version 2.2.0
Thu Oct 17 12:33:14 2024: Dispatch Server: Accepted socket connection from client
Thu Oct 17 12:33:14 2024: Starting Socket connection
Thu Oct 17 12:33:14 2024: EXCHANGE_TOKEN received, server token: b7247a06-eeca-4c3e-95c5-db1c801e816c, passed token: b7247a06-eeca-4c3e-95c5-db1c801e816c
Thu Oct 17 12:33:15 2024: DISPATCH_HANDLER: Adding handler from function makeHandler in library libxv_system_diagram
Thu Oct 17 12:33:15 2024: SESSION_MGR: creating session with session uuid: 'cda59e1a-8fc1-429a-8a76-f1b863cacbf8' and name 'v++_compile_setup_aie_hw'
Thu Oct 17 12:33:15 2024: KERNEL_SVC: creating session with uuid: 'cda59e1a-8fc1-429a-8a76-f1b863cacbf8' and name 'v++_compile_setup_aie_hw'
Thu Oct 17 12:33:15 2024: GUIDANCE_SMGR: creating guidance session with uuid: 'cda59e1a-8fc1-429a-8a76-f1b863cacbf8' and name 'v++_compile_setup_aie_hw'
Thu Oct 17 12:33:15 2024: SYSTEM_DIAGRAM: creating session with uuid: 'cda59e1a-8fc1-429a-8a76-f1b863cacbf8' and name 'v++_compile_setup_aie_hw'
Thu Oct 17 12:33:15 2024: SESSION_MGR: closing session for UUID 'cda59e1a-8fc1-429a-8a76-f1b863cacbf8' with name 'v++_compile_setup_aie_hw'
Thu Oct 17 12:33:15 2024: KERNEL_SVC: closing session for UUID 'cda59e1a-8fc1-429a-8a76-f1b863cacbf8' with name 'v++_compile_setup_aie_hw'
Thu Oct 17 12:33:15 2024: GUIDANCE_SMGR: closing session for UUID 'cda59e1a-8fc1-429a-8a76-f1b863cacbf8' with name 'v++_compile_setup_aie_hw'
Thu Oct 17 12:33:15 2024: SYSTEM_DIAGRAM: closing session for UUID 'cda59e1a-8fc1-429a-8a76-f1b863cacbf8' with name 'v++_compile_setup_aie_hw'
Thu Oct 17 12:33:15 2024: STOP_SERVER received, server token: b7247a06-eeca-4c3e-95c5-db1c801e816c, passed token: b7247a06-eeca-4c3e-95c5-db1c801e816c
Thu Oct 17 12:33:15 2024: Socket received request to stop server.
Thu Oct 17 12:33:15 2024: Dispatch Server: do_await_stop
Thu Oct 17 12:33:15 2024: Dispatch Server: stopping mainFifo_
Thu Oct 17 12:33:15 2024: XCD main fifo: Stopping
Thu Oct 17 12:33:15 2024: XCD main fifo: do_read error code: Operation canceled
Thu Oct 17 12:33:15 2024: XCD main fifo: bytes_transferred: 0
Thu Oct 17 12:33:15 2024: SERVER: destructor for server bound to port 33424
Thu Oct 17 12:33:15 2024: XCD main fifo: Good unlink of /tmp/xcdmainb7247a06-eeca-4c3e-95c5-db1c801e816c
Thu Oct 17 12:33:15 2024: Server exiting with status 0.
Thu Oct 17 12:33:15 2024: Closing log file.
Thu Oct 17 12:33:45 2024: Running xcd server. This server was built by gradle.
Thu Oct 17 12:33:45 2024: Server was asked to start on port: '46418'
Thu Oct 17 12:33:45 2024: Server is using token UUID: 'eb3f8bbb-983d-45c0-bf81-d6a4abb191a0'
Thu Oct 17 12:33:45 2024: SESSION_MGR: creating session with session uuid: '6d04a3e9-ade5-4ab9-8d63-1f78fcd2ec76' and name 'default'
Thu Oct 17 12:33:45 2024: Attempting to start server on port '46418'
Thu Oct 17 12:33:45 2024: XCD main fifo: created main fifo '/tmp/xcdmaineb3f8bbb-983d-45c0-bf81-d6a4abb191a0', fd read = 13
Thu Oct 17 12:33:45 2024: Running Dispatch Server
Thu Oct 17 12:33:45 2024: Version 2.2.0
Thu Oct 17 12:33:54 2024: Dispatch Server: Accepted socket connection from client
Thu Oct 17 12:33:54 2024: Starting Socket connection
Thu Oct 17 12:33:54 2024: EXCHANGE_TOKEN received, server token: eb3f8bbb-983d-45c0-bf81-d6a4abb191a0, passed token: eb3f8bbb-983d-45c0-bf81-d6a4abb191a0
Thu Oct 17 12:33:54 2024: DISPATCH_HANDLER: Adding handler from function makeHandler in library libxv_system_diagram
Thu Oct 17 12:33:54 2024: SESSION_MGR: creating session with session uuid: 'c23b4d54-9416-4a33-a36e-ee4c612b8110' and name 'v++_compile_setup_aie_hw'
Thu Oct 17 12:33:54 2024: KERNEL_SVC: creating session with uuid: 'c23b4d54-9416-4a33-a36e-ee4c612b8110' and name 'v++_compile_setup_aie_hw'
Thu Oct 17 12:33:54 2024: GUIDANCE_SMGR: creating guidance session with uuid: 'c23b4d54-9416-4a33-a36e-ee4c612b8110' and name 'v++_compile_setup_aie_hw'
Thu Oct 17 12:33:54 2024: SYSTEM_DIAGRAM: creating session with uuid: 'c23b4d54-9416-4a33-a36e-ee4c612b8110' and name 'v++_compile_setup_aie_hw'
Thu Oct 17 12:34:06 2024: Dispatch Server: Accepted socket connection from client
Thu Oct 17 12:34:06 2024: Starting Socket connection
Thu Oct 17 12:34:49 2024: Dispatch Server: do_await_stop
