# 
# Steps log generated by v++
# This log file contains a collection of steps that describe the kernel compilation flow
# Note: Some steps are tagged as internal, these steps are for debugging purposes and 
#       are not expected to be able to run independently.
# 

# The following environment variables are set when running v++
Environment variables :
------------------------------------------
MANPATH=/opt/rh/devtoolset-7/root/usr/share/man:
_RDI_DONT_SET_XILINX_AS_PATH=True
XDG_SESSION_ID=252
GUESTFISH_INIT=\e[1;34m
HOSTNAME=NAGS30
TERM_PROGRAM=vscode
SSL_CERT_FILE=/etc/pki/ca-trust/extracted/pem/tls-ca-bundle.pem
XILINX_DSP=
SHELL=/bin/bash
TERM=xterm-256color
MAKEFLAGS=
HISTSIZE=1000
SSH_CLIENT=10.79.251.40 53540 22
PERL5LIB=/opt/rh/devtoolset-7/root//usr/lib64/perl5/vendor_perl:/opt/rh/devtoolset-7/root/usr/lib/perl5:/opt/rh/devtoolset-7/root//usr/share/perl5/vendor_perl
MYVIVADO=
TERM_PROGRAM_VERSION=1.94.2
RDI_TPS_ROOT=/xilinx/software/Vivado/2022.2/tps/lnx64
QTDIR=/usr/lib64/qt-3.3
HDI_PROCESSOR=x86_64
QTINC=/usr/lib64/qt-3.3/include
SYNTH_COMMON=/xilinx/software/Vitis/2022.2/scripts/rt/data
X_SCLS=devtoolset-7 
LC_ALL=en_US.UTF-8
RDI_JAVA_VERSION=11.0.11_9
RT_TCL_PATH=/xilinx/software/Vitis/2022.2/scripts/rt/base_tcl/tcl
RDI_PREPEND_PATH=/xilinx/software/Vitis/2022.2/bin
QT_GRAPHICSSYSTEM_CHECKED=1
RDI_OPT_EXT=.o
PCP_DIR=/opt/rh/devtoolset-7/root
USER=giuseppe.sorrentino
LS_COLORS=rs=0:di=38;5;27:ln=38;5;51:mh=44;38;5;15:pi=40;38;5;11:so=38;5;13:do=38;5;5:bd=48;5;232;38;5;11:cd=48;5;232;38;5;3:or=48;5;232;38;5;9:mi=05;48;5;232;38;5;15:su=48;5;196;38;5;15:sg=48;5;11;38;5;16:ca=48;5;196;38;5;226:tw=48;5;10;38;5;16:ow=48;5;10;38;5;21:st=48;5;21;38;5;15:ex=38;5;34:*.tar=38;5;9:*.tgz=38;5;9:*.arc=38;5;9:*.arj=38;5;9:*.taz=38;5;9:*.lha=38;5;9:*.lz4=38;5;9:*.lzh=38;5;9:*.lzma=38;5;9:*.tlz=38;5;9:*.txz=38;5;9:*.tzo=38;5;9:*.t7z=38;5;9:*.zip=38;5;9:*.z=38;5;9:*.Z=38;5;9:*.dz=38;5;9:*.gz=38;5;9:*.lrz=38;5;9:*.lz=38;5;9:*.lzo=38;5;9:*.xz=38;5;9:*.bz2=38;5;9:*.bz=38;5;9:*.tbz=38;5;9:*.tbz2=38;5;9:*.tz=38;5;9:*.deb=38;5;9:*.rpm=38;5;9:*.jar=38;5;9:*.war=38;5;9:*.ear=38;5;9:*.sar=38;5;9:*.rar=38;5;9:*.alz=38;5;9:*.ace=38;5;9:*.zoo=38;5;9:*.cpio=38;5;9:*.7z=38;5;9:*.rz=38;5;9:*.cab=38;5;9:*.jpg=38;5;13:*.jpeg=38;5;13:*.gif=38;5;13:*.bmp=38;5;13:*.pbm=38;5;13:*.pgm=38;5;13:*.ppm=38;5;13:*.tga=38;5;13:*.xbm=38;5;13:*.xpm=38;5;13:*.tif=38;5;13:*.tiff=38;5;13:*.png=38;5;13:*.svg=38;5;13:*.svgz=38;5;13:*.mng=38;5;13:*.pcx=38;5;13:*.mov=38;5;13:*.mpg=38;5;13:*.mpeg=38;5;13:*.m2v=38;5;13:*.mkv=38;5;13:*.webm=38;5;13:*.ogm=38;5;13:*.mp4=38;5;13:*.m4v=38;5;13:*.mp4v=38;5;13:*.vob=38;5;13:*.qt=38;5;13:*.nuv=38;5;13:*.wmv=38;5;13:*.asf=38;5;13:*.rm=38;5;13:*.rmvb=38;5;13:*.flc=38;5;13:*.avi=38;5;13:*.fli=38;5;13:*.flv=38;5;13:*.gl=38;5;13:*.dl=38;5;13:*.xcf=38;5;13:*.xwd=38;5;13:*.yuv=38;5;13:*.cgm=38;5;13:*.emf=38;5;13:*.axv=38;5;13:*.anx=38;5;13:*.ogv=38;5;13:*.ogx=38;5;13:*.aac=38;5;45:*.au=38;5;45:*.flac=38;5;45:*.mid=38;5;45:*.midi=38;5;45:*.mka=38;5;45:*.mp3=38;5;45:*.mpc=38;5;45:*.ogg=38;5;45:*.ra=38;5;45:*.wav=38;5;45:*.axa=38;5;45:*.oga=38;5;45:*.spx=38;5;45:*.xspf=38;5;45:
LD_LIBRARY_PATH=/xilinx/software/Vitis/2022.2/tps/lnx64/java-cef-95.0.4638.69/bin/lib/linux64:/xilinx/software/Vitis/2022.2/lib/lnx64.o/Default:/xilinx/software/Vitis/2022.2/lib/lnx64.o:/xilinx/software/Vitis/2022.2/tps/lnx64/jre11.0.11_9/lib/:/xilinx/software/Vitis/2022.2/tps/lnx64/jre11.0.11_9/lib//server:/xilinx/software/Vitis/2022.2/lib/lnx64.o/Default:/xilinx/software/Vitis/2022.2/lib/lnx64.o:/opt/rh/devtoolset-7/root/usr/lib64:/opt/rh/devtoolset-7/root/usr/lib:/opt/rh/devtoolset-7/root/usr/lib64/dyninst:/opt/rh/devtoolset-7/root/usr/lib/dyninst:/opt/rh/devtoolset-7/root/usr/lib64:/opt/rh/devtoolset-7/root/usr/lib:/xilinx/software/Vitis/2022.2/bin/../lnx64/tools/dot/lib
RDI_PATCHROOT=
TCL_LIBRARY=/xilinx/software/Vitis/2022.2/tps/tcl/tcl8.5
MAKE_TERMOUT=/dev/pts/6
RDI_PLATFORM=lnx64
XILINXD_LICENSE_FILE=/xilinx/license/
MAKELEVEL=1
RDI_BUILD=yes
MFLAGS=
RT_LIBPATH=/xilinx/software/Vitis/2022.2/scripts/rt/data
GUESTFISH_PS1=\[\e[1;32m\]><fs>\[\e[0;31m\] 
RDI_LIBDIR=/xilinx/software/Vitis/2022.2/lib/lnx64.o/Default:/xilinx/software/Vitis/2022.2/lib/lnx64.o
PATH=/xilinx/software/Vivado/2022.2/tps/lnx64/binutils-2.26/bin:/xilinx/software/Vitis/2022.2/bin/../gnu/aarch64/lin/aarch64-linux/bin:/xilinx/software/Vitis/2022.2/bin/../gnu/ppc64le/4.9.3/lnx64/bin:/xilinx/software/Vitis/2022.2/bin/../gnu/aarch32/lin/gcc-arm-linux-gnueabi/bin:/xilinx/software/Vivado/2022.2/tps/lnx64/gcc-8.3.0/bin:/xilinx/software/Vivado/2022.2/gnu/microblaze/lin/bin:/xilinx/software/Vitis/2022.2/bin:/xilinx/software/Vitis/2022.2/tps/lnx64/jre11.0.11_9/bin:/xilinx/software/Vivado/2022.2/bin:/opt/rh/devtoolset-7/root/usr/bin:/xilinx/software/Vitis_HLS/2022.2/bin:/xilinx/software/Model_Composer/2022.2/bin:/xilinx/software/Vitis/2022.2/gnu/microblaze/lin/bin:/xilinx/software/Vitis/2022.2/gnu/arm/lin/bin:/xilinx/software/Vitis/2022.2/gnu/microblaze/linux_toolchain/lin64_le/bin:/xilinx/software/Vitis/2022.2/gnu/aarch32/lin/gcc-arm-linux-gnueabi/bin:/xilinx/software/Vitis/2022.2/gnu/aarch32/lin/gcc-arm-none-eabi/bin:/xilinx/software/Vitis/2022.2/gnu/aarch64/lin/aarch64-linux/bin:/xilinx/software/Vitis/2022.2/gnu/aarch64/lin/aarch64-none/bin:/xilinx/software/Vitis/2022.2/gnu/armr5/lin/gcc-arm-none-eabi/bin:/xilinx/software/Vitis/2022.2/tps/lnx64/cmake-3.3.2/bin:/xilinx/software/Vitis/2022.2/aietools/bin:/home/users/giuseppe.sorrentino/.vscode-server/cli/servers/Stable-384ff7382de624fb94dbaf6da11977bba1ecd427/server/bin/remote-cli:/usr/lib64/qt-3.3/bin:/usr/local/bin:/usr/bin:/usr/src/picocomputing-5.6.0.0/bin:/usr/local/sbin:/usr/sbin:/home/users/giuseppe.sorrentino/.local/bin:/home/users/giuseppe.sorrentino/bin
MAIL=/var/spool/mail/giuseppe.sorrentino
XILINX_VITIS=/xilinx/software/Vitis/2022.2
PWD=/home/users/giuseppe.sorrentino/VOTED/FPGA
XIL_CHECK_TCL_DEBUG=False
XILINX_VIVADO_HLS=/xilinx/software/Vivado/2022.2
LANG=en_US.UTF-8
HDI_APPROOT=/xilinx/software/Vitis/2022.2
GUESTFISH_OUTPUT=\e[0m
VSCODE_GIT_ASKPASS_EXTRA_ARGS=
PICOBASE=/usr/src/picocomputing-5.6.0.0
XILINX_HLS=/xilinx/software/Vitis_HLS/2022.2
XILINX_VIVADO=/xilinx/software/Vivado/2022.2
XILINX_SDK=/xilinx/software/Vitis/2022.2
HISTCONTROL=ignoredups
SSL_CERT_DIR=/etc/pki/tls/certs
ISL_IOSTREAMS_RSA=/xilinx/software/Vitis/2022.2/tps/isl
HOME=/home/users/giuseppe.sorrentino
SHLVL=10
RDI_BASEROOT=/xilinx/software/Vitis
LANGUAGE=en_US:en
VSCODE_GIT_ASKPASS_MAIN=/home/users/giuseppe.sorrentino/.vscode-server/cli/servers/Stable-384ff7382de624fb94dbaf6da11977bba1ecd427/server/extensions/git/dist/askpass-main.js
RDI_APPROOT=/xilinx/software/Vitis/2022.2
LOGNAME=giuseppe.sorrentino
PYTHONPATH=/opt/rh/devtoolset-7/root/usr/lib64/python2.7/site-packages:/opt/rh/devtoolset-7/root/usr/lib/python2.7/site-packages
RDI_JAVA_PLATFORM=
QTLIB=/usr/lib64/qt-3.3/lib
MAKE_TERMERR=/dev/pts/6
XDG_DATA_DIRS=/home/users/giuseppe.sorrentino/.local/share/flatpak/exports/share:/var/lib/flatpak/exports/share:/usr/local/share:/usr/share
SSH_CONNECTION=10.79.251.40 53540 10.79.6.84 22
VSCODE_GIT_IPC_HANDLE=/run/user/1111/vscode-git-fe952fd13f.sock
RDI_BINROOT=/xilinx/software/Vitis/2022.2/bin
VSCODE_IPC_HOOK_CLI=/run/user/1111/vscode-ipc-f80854c3-53df-4161-a92d-ce8865a059c7.sock
LESSOPEN=||/usr/bin/lesspipe.sh %s
BROWSER=/home/users/giuseppe.sorrentino/.vscode-server/cli/servers/Stable-384ff7382de624fb94dbaf6da11977bba1ecd427/server/bin/helpers/browser.sh
INFOPATH=/opt/rh/devtoolset-7/root/usr/share/info
VSCODE_GIT_ASKPASS_NODE=/home/users/giuseppe.sorrentino/.vscode-server/cli/servers/Stable-384ff7382de624fb94dbaf6da11977bba1ecd427/server/node
GIT_ASKPASS=/home/users/giuseppe.sorrentino/.vscode-server/cli/servers/Stable-384ff7382de624fb94dbaf6da11977bba1ecd427/server/extensions/git/dist/askpass.sh
RDI_PROG=/xilinx/software/Vitis/2022.2/bin/unwrapped/lnx64.o/v++
XDG_RUNTIME_DIR=/run/user/1111
XIL_NO_OVERRIDE=0
XIL_SUPPRESS_OVERRIDE_WARNINGS=1
XILINX_PLANAHEAD=/xilinx/software/Vitis/2022.2
HDIPRELDPATH=/xilinx/software/Vitis/2022.2/lib/lnx64.o/Default:/xilinx/software/Vitis/2022.2/lib/lnx64.o:/opt/rh/devtoolset-7/root/usr/lib64:/opt/rh/devtoolset-7/root/usr/lib:/opt/rh/devtoolset-7/root/usr/lib64/dyninst:/opt/rh/devtoolset-7/root/usr/lib/dyninst:/opt/rh/devtoolset-7/root/usr/lib64:/opt/rh/devtoolset-7/root/usr/lib:/xilinx/software/Vitis/2022.2/bin/../lnx64/tools/dot/lib
GUESTFISH_RESTORE=\e[0m
RDI_INSTALLVER=2022.2
RDI_DATADIR=/xilinx/software/Vitis/2022.2/data
COLORTERM=truecolor
RDI_INSTALLROOT=/xilinx/software
_=/xilinx/software/Vitis/2022.2/bin/unwrapped/lnx64.o/v++
XILINX_CD_CONNECT_ID=46418
XILINX_CD_SESSION=c23b4d54-9416-4a33-a36e-ee4c612b8110


V++ command line:
------------------------------------------
/xilinx/software/Vitis/2022.2/bin/unwrapped/lnx64.o/v++ --platform /opt/xilinx/platforms/xilinx_vck5000_gen4x8_qdma_2_202220_1/hw/xilinx_vck5000_gen4x8_qdma_2_202220_1.xsa -t hw -s -g --kernel setup_aie -c -o setup_aie_hw.xo setup_aie.cpp 

FINAL PROGRAM OPTIONS
--compile
--debug
--input_files setup_aie.cpp
--kernel setup_aie
--optimize 0
--output setup_aie_hw.xo
--platform /opt/xilinx/platforms/xilinx_vck5000_gen4x8_qdma_2_202220_1/hw/xilinx_vck5000_gen4x8_qdma_2_202220_1.xsa
--report_level 0
--save-temps
--target hw

PARSED COMMAND LINE OPTIONS
--platform /opt/xilinx/platforms/xilinx_vck5000_gen4x8_qdma_2_202220_1/hw/xilinx_vck5000_gen4x8_qdma_2_202220_1.xsa 
-t hw 
-s 
-g 
--kernel setup_aie 
-c 
-o setup_aie_hw.xo 
setup_aie.cpp 

EXPANDED PARAMETERS
From application of optMap.xml: 
 --vivado.prop "run.__KERNEL__.{STEPS.SYNTH_DESIGN.ARGS.MORE OPTIONS}={-directive sdx_optimization_effort_high}" --advanced.misc "report=type report_timing_summary name impl_report_timing_summary_route_design_summary steps {route_design} runs {impl_1} options {-max_paths 10}" --advanced.misc "report=type report_timing_summary name impl_report_timing_summary_post_route_phys_opt_design_summary steps {post_route_phys_opt_design} runs {impl_1} options {-max_paths 10}"


FINAL PLATFORM PATH
/opt/xilinx/platforms/xilinx_vck5000_gen4x8_qdma_2_202220_1/hw/xilinx_vck5000_gen4x8_qdma_2_202220_1.xsa

==========================================
new:  steps log generated by v++ for new launch 
timestamp: 17 Oct 2024 12:33:58
