/home/users/giuseppe.sorrentino/VOTED/FPGA/_x/setup_aie_hw/setup_aie/setup_aie/solution/.autopilot/db/setup_aie.pp.0.cpp:1321:7: warning: Added loop label VITIS_LOOP_1211_1:   [xilinx-label-all-loops]
      for (i = 0; i < __N - 1; ++i) {
      ^~~
      VITIS_LOOP_1211_1: 
/home/users/giuseppe.sorrentino/VOTED/FPGA/_x/setup_aie_hw/setup_aie/setup_aie/solution/.autopilot/db/setup_aie.pp.0.cpp:1321:7: note: FIX-IT applied suggested code changes
/home/users/giuseppe.sorrentino/VOTED/FPGA/_x/setup_aie_hw/setup_aie/setup_aie/solution/.autopilot/db/setup_aie.pp.0.cpp:2295:5: warning: Added loop label VITIS_LOOP_676_1:   [xilinx-label-all-loops]
    for (unsigned i = low; i != high; ++i) {
    ^~~
    VITIS_LOOP_676_1: 
/home/users/giuseppe.sorrentino/VOTED/FPGA/_x/setup_aie_hw/setup_aie/setup_aie/solution/.autopilot/db/setup_aie.pp.0.cpp:2295:5: note: FIX-IT applied suggested code changes
/home/users/giuseppe.sorrentino/VOTED/FPGA/_x/setup_aie_hw/setup_aie/setup_aie/solution/.autopilot/db/setup_aie.pp.0.cpp:2309:5: warning: Added loop label VITIS_LOOP_690_1:   [xilinx-label-all-loops]
    for (unsigned i = low; i != high; ++i) {
    ^~~
    VITIS_LOOP_690_1: 
/home/users/giuseppe.sorrentino/VOTED/FPGA/_x/setup_aie_hw/setup_aie/setup_aie/solution/.autopilot/db/setup_aie.pp.0.cpp:2309:5: note: FIX-IT applied suggested code changes
/home/users/giuseppe.sorrentino/VOTED/FPGA/_x/setup_aie_hw/setup_aie/setup_aie/solution/.autopilot/db/setup_aie.pp.0.cpp:2323:5: warning: Added loop label VITIS_LOOP_704_1:   [xilinx-label-all-loops]
    for (unsigned i = low; i != high; ++i) {
    ^~~
    VITIS_LOOP_704_1: 
/home/users/giuseppe.sorrentino/VOTED/FPGA/_x/setup_aie_hw/setup_aie/setup_aie/solution/.autopilot/db/setup_aie.pp.0.cpp:2323:5: note: FIX-IT applied suggested code changes
/home/users/giuseppe.sorrentino/VOTED/FPGA/_x/setup_aie_hw/setup_aie/setup_aie/solution/.autopilot/db/setup_aie.pp.0.cpp:3934:7: warning: Added loop label VITIS_LOOP_1245_1:   [xilinx-label-all-loops]
      for (i = 0; i < __N - 1; ++i) {
      ^~~
      VITIS_LOOP_1245_1: 
/home/users/giuseppe.sorrentino/VOTED/FPGA/_x/setup_aie_hw/setup_aie/setup_aie/solution/.autopilot/db/setup_aie.pp.0.cpp:3934:7: note: FIX-IT applied suggested code changes
/home/users/giuseppe.sorrentino/VOTED/FPGA/_x/setup_aie_hw/setup_aie/setup_aie/solution/.autopilot/db/setup_aie.pp.0.cpp:13682:72: error: Invalid Directive: for current device, ROM_1P + LUTRAM is invalid combination for BIND_STORAGE's option 'type + impl' [clang-diagnostic-error]
#pragma HLS BIND_STORAGE variable=fourth_order_double::sin_cos_K0 type=ROM_1P impl=LUTRAM
                                                                       ^
/home/users/giuseppe.sorrentino/VOTED/FPGA/_x/setup_aie_hw/setup_aie/setup_aie/solution/.autopilot/db/setup_aie.pp.0.cpp:13683:72: error: Invalid Directive: for current device, ROM_1P + LUTRAM is invalid combination for BIND_STORAGE's option 'type + impl' [clang-diagnostic-error]
#pragma HLS BIND_STORAGE variable=fourth_order_double::sin_cos_K1 type=ROM_1P impl=LUTRAM
                                                                       ^
/home/users/giuseppe.sorrentino/VOTED/FPGA/_x/setup_aie_hw/setup_aie/setup_aie/solution/.autopilot/db/setup_aie.pp.0.cpp:13684:72: error: Invalid Directive: for current device, ROM_1P + LUTRAM is invalid combination for BIND_STORAGE's option 'type + impl' [clang-diagnostic-error]
#pragma HLS BIND_STORAGE variable=fourth_order_double::sin_cos_K2 type=ROM_1P impl=LUTRAM
                                                                       ^
/home/users/giuseppe.sorrentino/VOTED/FPGA/_x/setup_aie_hw/setup_aie/setup_aie/solution/.autopilot/db/setup_aie.pp.0.cpp:13685:72: error: Invalid Directive: for current device, ROM_1P + LUTRAM is invalid combination for BIND_STORAGE's option 'type + impl' [clang-diagnostic-error]
#pragma HLS BIND_STORAGE variable=fourth_order_double::sin_cos_K3 type=ROM_1P impl=LUTRAM
                                                                       ^
/home/users/giuseppe.sorrentino/VOTED/FPGA/_x/setup_aie_hw/setup_aie/setup_aie/solution/.autopilot/db/setup_aie.pp.0.cpp:13686:72: error: Invalid Directive: for current device, ROM_1P + LUTRAM is invalid combination for BIND_STORAGE's option 'type + impl' [clang-diagnostic-error]
#pragma HLS BIND_STORAGE variable=fourth_order_double::sin_cos_K4 type=ROM_1P impl=LUTRAM
                                                                       ^
/home/users/giuseppe.sorrentino/VOTED/FPGA/_x/setup_aie_hw/setup_aie/setup_aie/solution/.autopilot/db/setup_aie.pp.0.cpp:13716:68: error: Invalid Directive: for current device, ROM_1P + LUTRAM is invalid combination for BIND_STORAGE's option 'type + impl' [clang-diagnostic-error]
#pragma HLS BIND_STORAGE variable=fourth_order_double::cos_K0 type=ROM_1P impl=LUTRAM
                                                                   ^
/home/users/giuseppe.sorrentino/VOTED/FPGA/_x/setup_aie_hw/setup_aie/setup_aie/solution/.autopilot/db/setup_aie.pp.0.cpp:13717:68: error: Invalid Directive: for current device, ROM_1P + LUTRAM is invalid combination for BIND_STORAGE's option 'type + impl' [clang-diagnostic-error]
#pragma HLS BIND_STORAGE variable=fourth_order_double::cos_K1 type=ROM_1P impl=LUTRAM
                                                                   ^
/home/users/giuseppe.sorrentino/VOTED/FPGA/_x/setup_aie_hw/setup_aie/setup_aie/solution/.autopilot/db/setup_aie.pp.0.cpp:13718:68: error: Invalid Directive: for current device, ROM_1P + LUTRAM is invalid combination for BIND_STORAGE's option 'type + impl' [clang-diagnostic-error]
#pragma HLS BIND_STORAGE variable=fourth_order_double::cos_K2 type=ROM_1P impl=LUTRAM
                                                                   ^
/home/users/giuseppe.sorrentino/VOTED/FPGA/_x/setup_aie_hw/setup_aie/setup_aie/solution/.autopilot/db/setup_aie.pp.0.cpp:13719:68: error: Invalid Directive: for current device, ROM_1P + LUTRAM is invalid combination for BIND_STORAGE's option 'type + impl' [clang-diagnostic-error]
#pragma HLS BIND_STORAGE variable=fourth_order_double::cos_K3 type=ROM_1P impl=LUTRAM
                                                                   ^
/home/users/giuseppe.sorrentino/VOTED/FPGA/_x/setup_aie_hw/setup_aie/setup_aie/solution/.autopilot/db/setup_aie.pp.0.cpp:13720:68: error: Invalid Directive: for current device, ROM_1P + LUTRAM is invalid combination for BIND_STORAGE's option 'type + impl' [clang-diagnostic-error]
#pragma HLS BIND_STORAGE variable=fourth_order_double::cos_K4 type=ROM_1P impl=LUTRAM
                                                                   ^
/home/users/giuseppe.sorrentino/VOTED/FPGA/_x/setup_aie_hw/setup_aie/setup_aie/solution/.autopilot/db/setup_aie.pp.0.cpp:13721:68: error: Invalid Directive: for current device, ROM_1P + LUTRAM is invalid combination for BIND_STORAGE's option 'type + impl' [clang-diagnostic-error]
#pragma HLS BIND_STORAGE variable=fourth_order_double::sin_K0 type=ROM_1P impl=LUTRAM
                                                                   ^
/home/users/giuseppe.sorrentino/VOTED/FPGA/_x/setup_aie_hw/setup_aie/setup_aie/solution/.autopilot/db/setup_aie.pp.0.cpp:13722:68: error: Invalid Directive: for current device, ROM_1P + LUTRAM is invalid combination for BIND_STORAGE's option 'type + impl' [clang-diagnostic-error]
#pragma HLS BIND_STORAGE variable=fourth_order_double::sin_K1 type=ROM_1P impl=LUTRAM
                                                                   ^
/home/users/giuseppe.sorrentino/VOTED/FPGA/_x/setup_aie_hw/setup_aie/setup_aie/solution/.autopilot/db/setup_aie.pp.0.cpp:13723:68: error: Invalid Directive: for current device, ROM_1P + LUTRAM is invalid combination for BIND_STORAGE's option 'type + impl' [clang-diagnostic-error]
#pragma HLS BIND_STORAGE variable=fourth_order_double::sin_K2 type=ROM_1P impl=LUTRAM
                                                                   ^
/home/users/giuseppe.sorrentino/VOTED/FPGA/_x/setup_aie_hw/setup_aie/setup_aie/solution/.autopilot/db/setup_aie.pp.0.cpp:13724:68: error: Invalid Directive: for current device, ROM_1P + LUTRAM is invalid combination for BIND_STORAGE's option 'type + impl' [clang-diagnostic-error]
#pragma HLS BIND_STORAGE variable=fourth_order_double::sin_K3 type=ROM_1P impl=LUTRAM
                                                                   ^
/home/users/giuseppe.sorrentino/VOTED/FPGA/_x/setup_aie_hw/setup_aie/setup_aie/solution/.autopilot/db/setup_aie.pp.0.cpp:13725:68: error: Invalid Directive: for current device, ROM_1P + LUTRAM is invalid combination for BIND_STORAGE's option 'type + impl' [clang-diagnostic-error]
#pragma HLS BIND_STORAGE variable=fourth_order_double::sin_K4 type=ROM_1P impl=LUTRAM
                                                                   ^
/home/users/giuseppe.sorrentino/VOTED/FPGA/_x/setup_aie_hw/setup_aie/setup_aie/solution/.autopilot/db/setup_aie.pp.0.cpp:13775:71: error: Invalid Directive: for current device, ROM_1P + LUTRAM is invalid combination for BIND_STORAGE's option 'type + impl' [clang-diagnostic-error]
#pragma HLS BIND_STORAGE variable=second_order_float::sin_cos_K0 type=ROM_1P impl=LUTRAM
                                                                      ^
/home/users/giuseppe.sorrentino/VOTED/FPGA/_x/setup_aie_hw/setup_aie/setup_aie/solution/.autopilot/db/setup_aie.pp.0.cpp:13776:71: error: Invalid Directive: for current device, ROM_1P + LUTRAM is invalid combination for BIND_STORAGE's option 'type + impl' [clang-diagnostic-error]
#pragma HLS BIND_STORAGE variable=second_order_float::sin_cos_K1 type=ROM_1P impl=LUTRAM
                                                                      ^
/home/users/giuseppe.sorrentino/VOTED/FPGA/_x/setup_aie_hw/setup_aie/setup_aie/solution/.autopilot/db/setup_aie.pp.0.cpp:13777:71: error: Invalid Directive: for current device, ROM_1P + LUTRAM is invalid combination for BIND_STORAGE's option 'type + impl' [clang-diagnostic-error]
#pragma HLS BIND_STORAGE variable=second_order_float::sin_cos_K2 type=ROM_1P impl=LUTRAM
                                                                      ^
/home/users/giuseppe.sorrentino/VOTED/FPGA/_x/setup_aie_hw/setup_aie/setup_aie/solution/.autopilot/db/setup_aie.pp.0.cpp:13804:67: error: Invalid Directive: for current device, ROM_1P + LUTRAM is invalid combination for BIND_STORAGE's option 'type + impl' [clang-diagnostic-error]
#pragma HLS BIND_STORAGE variable=second_order_float::cos_K0 type=ROM_1P impl=LUTRAM
                                                                  ^
/home/users/giuseppe.sorrentino/VOTED/FPGA/_x/setup_aie_hw/setup_aie/setup_aie/solution/.autopilot/db/setup_aie.pp.0.cpp:13805:67: error: Invalid Directive: for current device, ROM_1P + LUTRAM is invalid combination for BIND_STORAGE's option 'type + impl' [clang-diagnostic-error]
#pragma HLS BIND_STORAGE variable=second_order_float::cos_K1 type=ROM_1P impl=LUTRAM
                                                                  ^
/home/users/giuseppe.sorrentino/VOTED/FPGA/_x/setup_aie_hw/setup_aie/setup_aie/solution/.autopilot/db/setup_aie.pp.0.cpp:13806:67: error: Invalid Directive: for current device, ROM_1P + LUTRAM is invalid combination for BIND_STORAGE's option 'type + impl' [clang-diagnostic-error]
#pragma HLS BIND_STORAGE variable=second_order_float::cos_K2 type=ROM_1P impl=LUTRAM
                                                                  ^
/home/users/giuseppe.sorrentino/VOTED/FPGA/_x/setup_aie_hw/setup_aie/setup_aie/solution/.autopilot/db/setup_aie.pp.0.cpp:13807:67: error: Invalid Directive: for current device, ROM_1P + LUTRAM is invalid combination for BIND_STORAGE's option 'type + impl' [clang-diagnostic-error]
#pragma HLS BIND_STORAGE variable=second_order_float::sin_K0 type=ROM_1P impl=LUTRAM
                                                                  ^
/home/users/giuseppe.sorrentino/VOTED/FPGA/_x/setup_aie_hw/setup_aie/setup_aie/solution/.autopilot/db/setup_aie.pp.0.cpp:13808:67: error: Invalid Directive: for current device, ROM_1P + LUTRAM is invalid combination for BIND_STORAGE's option 'type + impl' [clang-diagnostic-error]
#pragma HLS BIND_STORAGE variable=second_order_float::sin_K1 type=ROM_1P impl=LUTRAM
                                                                  ^
/home/users/giuseppe.sorrentino/VOTED/FPGA/_x/setup_aie_hw/setup_aie/setup_aie/solution/.autopilot/db/setup_aie.pp.0.cpp:13809:67: error: Invalid Directive: for current device, ROM_1P + LUTRAM is invalid combination for BIND_STORAGE's option 'type + impl' [clang-diagnostic-error]
#pragma HLS BIND_STORAGE variable=second_order_float::sin_K2 type=ROM_1P impl=LUTRAM
                                                                  ^
/home/users/giuseppe.sorrentino/VOTED/FPGA/_x/setup_aie_hw/setup_aie/setup_aie/solution/.autopilot/db/setup_aie.pp.0.cpp:13845:73: error: Invalid Directive: for current device, ROM_1P + LUTRAM is invalid combination for BIND_STORAGE's option 'type + impl' [clang-diagnostic-error]
#pragma HLS BIND_STORAGE variable=first_order_fixed_16::sin_cos_K0 type=ROM_1P impl=LUTRAM
                                                                        ^
/home/users/giuseppe.sorrentino/VOTED/FPGA/_x/setup_aie_hw/setup_aie/setup_aie/solution/.autopilot/db/setup_aie.pp.0.cpp:13846:73: error: Invalid Directive: for current device, ROM_1P + LUTRAM is invalid combination for BIND_STORAGE's option 'type + impl' [clang-diagnostic-error]
#pragma HLS BIND_STORAGE variable=first_order_fixed_16::sin_cos_K1 type=ROM_1P impl=LUTRAM
                                                                        ^
/home/users/giuseppe.sorrentino/VOTED/FPGA/_x/setup_aie_hw/setup_aie/setup_aie/solution/.autopilot/db/setup_aie.pp.0.cpp:14120:5: warning: Added loop label VITIS_LOOP_87_1:   [xilinx-label-all-loops]
    for (int n=0; n<Nmax; n++){
    ^~~
    VITIS_LOOP_87_1: 
/home/users/giuseppe.sorrentino/VOTED/FPGA/_x/setup_aie_hw/setup_aie/setup_aie/solution/.autopilot/db/setup_aie.pp.0.cpp:14120:5: note: FIX-IT applied suggested code changes
/home/users/giuseppe.sorrentino/VOTED/FPGA/_x/setup_aie_hw/setup_aie/setup_aie/solution/.autopilot/db/setup_aie.pp.0.cpp:14166:5: warning: Added loop label VITIS_LOOP_143_1:   [xilinx-label-all-loops]
    for (int n=0; n<Nmax; n++){
    ^~~
    VITIS_LOOP_143_1: 
/home/users/giuseppe.sorrentino/VOTED/FPGA/_x/setup_aie_hw/setup_aie/setup_aie/solution/.autopilot/db/setup_aie.pp.0.cpp:14166:5: note: FIX-IT applied suggested code changes
/home/users/giuseppe.sorrentino/VOTED/FPGA/_x/setup_aie_hw/setup_aie/setup_aie/solution/.autopilot/db/setup_aie.pp.0.cpp:14329:9: warning: Added loop label VITIS_LOOP_315_1:   [xilinx-label-all-loops]
        for(int i=0;i<W-1;i++){
        ^~~
        VITIS_LOOP_315_1: 
/home/users/giuseppe.sorrentino/VOTED/FPGA/_x/setup_aie_hw/setup_aie/setup_aie/solution/.autopilot/db/setup_aie.pp.0.cpp:14329:9: note: FIX-IT applied suggested code changes
/home/users/giuseppe.sorrentino/VOTED/FPGA/_x/setup_aie_hw/setup_aie/setup_aie/solution/.autopilot/db/setup_aie.pp.0.cpp:14481:9: warning: Added loop label VITIS_LOOP_475_1:   [xilinx-label-all-loops]
        for(int i=0;i<W-1;i++){
        ^~~
        VITIS_LOOP_475_1: 
/home/users/giuseppe.sorrentino/VOTED/FPGA/_x/setup_aie_hw/setup_aie/setup_aie/solution/.autopilot/db/setup_aie.pp.0.cpp:14481:9: note: FIX-IT applied suggested code changes
/home/users/giuseppe.sorrentino/VOTED/FPGA/_x/setup_aie_hw/setup_aie/setup_aie/solution/.autopilot/db/setup_aie.pp.0.cpp:14661:5: warning: Added loop label VITIS_LOOP_655_1:   [xilinx-label-all-loops]
    for(int i=0;i<W+1;i++){
    ^~~
    VITIS_LOOP_655_1: 
/home/users/giuseppe.sorrentino/VOTED/FPGA/_x/setup_aie_hw/setup_aie/setup_aie/solution/.autopilot/db/setup_aie.pp.0.cpp:14661:5: note: FIX-IT applied suggested code changes
/home/users/giuseppe.sorrentino/VOTED/FPGA/_x/setup_aie_hw/setup_aie/setup_aie/solution/.autopilot/db/setup_aie.pp.0.cpp:14665:5: warning: Added loop label VITIS_LOOP_659_2:   [xilinx-label-all-loops]
    for(int i=0;i<W+1;i++){
    ^~~
    VITIS_LOOP_659_2: 
/home/users/giuseppe.sorrentino/VOTED/FPGA/_x/setup_aie_hw/setup_aie/setup_aie/solution/.autopilot/db/setup_aie.pp.0.cpp:14665:5: note: FIX-IT applied suggested code changes
/home/users/giuseppe.sorrentino/VOTED/FPGA/_x/setup_aie_hw/setup_aie/setup_aie/solution/.autopilot/db/setup_aie.pp.0.cpp:14775:5: warning: Added loop label VITIS_LOOP_769_1:   [xilinx-label-all-loops]
    for (int n=0; n<Nmax; n++){
    ^~~
    VITIS_LOOP_769_1: 
/home/users/giuseppe.sorrentino/VOTED/FPGA/_x/setup_aie_hw/setup_aie/setup_aie/solution/.autopilot/db/setup_aie.pp.0.cpp:14775:5: note: FIX-IT applied suggested code changes
/home/users/giuseppe.sorrentino/VOTED/FPGA/_x/setup_aie_hw/setup_aie/setup_aie/solution/.autopilot/db/setup_aie.pp.0.cpp:14865:7: warning: Added loop label VITIS_LOOP_866_1:   [xilinx-label-all-loops]
      for(int i=0;i<W-1;i++){
      ^~~
      VITIS_LOOP_866_1: 
/home/users/giuseppe.sorrentino/VOTED/FPGA/_x/setup_aie_hw/setup_aie/setup_aie/solution/.autopilot/db/setup_aie.pp.0.cpp:14865:7: note: FIX-IT applied suggested code changes
/home/users/giuseppe.sorrentino/VOTED/FPGA/_x/setup_aie_hw/setup_aie/setup_aie/solution/.autopilot/db/setup_aie.pp.0.cpp:14884:7: warning: Added loop label VITIS_LOOP_885_2:   [xilinx-label-all-loops]
      for(int i=0;i<W-1;i++){
      ^~~
      VITIS_LOOP_885_2: 
/home/users/giuseppe.sorrentino/VOTED/FPGA/_x/setup_aie_hw/setup_aie/setup_aie/solution/.autopilot/db/setup_aie.pp.0.cpp:14884:7: note: FIX-IT applied suggested code changes
/home/users/giuseppe.sorrentino/VOTED/FPGA/_x/setup_aie_hw/setup_aie/setup_aie/solution/.autopilot/db/setup_aie.pp.0.cpp:15174:5: warning: Added loop label VITIS_LOOP_1199_1:   [xilinx-label-all-loops]
    for(int i=0; i<Nmax; i++) {
    ^~~
    VITIS_LOOP_1199_1: 
/home/users/giuseppe.sorrentino/VOTED/FPGA/_x/setup_aie_hw/setup_aie/setup_aie/solution/.autopilot/db/setup_aie.pp.0.cpp:15174:5: note: FIX-IT applied suggested code changes
/home/users/giuseppe.sorrentino/VOTED/FPGA/_x/setup_aie_hw/setup_aie/setup_aie/solution/.autopilot/db/setup_aie.pp.0.cpp:15257:5: warning: Added loop label VITIS_LOOP_1282_1:   [xilinx-label-all-loops]
    for(int i=0; i<Nmax; i++) {
    ^~~
    VITIS_LOOP_1282_1: 
/home/users/giuseppe.sorrentino/VOTED/FPGA/_x/setup_aie_hw/setup_aie/setup_aie/solution/.autopilot/db/setup_aie.pp.0.cpp:15257:5: note: FIX-IT applied suggested code changes
/home/users/giuseppe.sorrentino/VOTED/FPGA/_x/setup_aie_hw/setup_aie/setup_aie/solution/.autopilot/db/setup_aie.pp.0.cpp:15663:13: warning: Added loop label VITIS_LOOP_94_1:   [xilinx-label-all-loops]
            for (int j = 3; j >= I_+1; j--) {
            ^~~
            VITIS_LOOP_94_1: 
/home/users/giuseppe.sorrentino/VOTED/FPGA/_x/setup_aie_hw/setup_aie/setup_aie/solution/.autopilot/db/setup_aie.pp.0.cpp:15663:13: note: FIX-IT applied suggested code changes
/home/users/giuseppe.sorrentino/VOTED/FPGA/_x/setup_aie_hw/setup_aie/setup_aie/solution/.autopilot/db/setup_aie.pp.0.cpp:15669:17: warning: Added loop label VITIS_LOOP_100_2:   [xilinx-label-all-loops]
                for (int j = 3; j >= I_+1; j--){
                ^~~
                VITIS_LOOP_100_2: 
/home/users/giuseppe.sorrentino/VOTED/FPGA/_x/setup_aie_hw/setup_aie/setup_aie/solution/.autopilot/db/setup_aie.pp.0.cpp:15669:17: note: FIX-IT applied suggested code changes
/home/users/giuseppe.sorrentino/VOTED/FPGA/_x/setup_aie_hw/setup_aie/setup_aie/solution/.autopilot/db/setup_aie.pp.0.cpp:15673:17: warning: Added loop label VITIS_LOOP_104_3:   [xilinx-label-all-loops]
                for (int j = I_; j >= 0; j--){
                ^~~
                VITIS_LOOP_104_3: 
/home/users/giuseppe.sorrentino/VOTED/FPGA/_x/setup_aie_hw/setup_aie/setup_aie/solution/.autopilot/db/setup_aie.pp.0.cpp:15673:17: note: FIX-IT applied suggested code changes
/home/users/giuseppe.sorrentino/VOTED/FPGA/_x/setup_aie_hw/setup_aie/setup_aie/solution/.autopilot/db/setup_aie.pp.0.cpp:15721:13: warning: Added loop label VITIS_LOOP_171_4:   [xilinx-label-all-loops]
            for (int j = 9; j >= I_+4; j--) {
            ^~~
            VITIS_LOOP_171_4: 
/home/users/giuseppe.sorrentino/VOTED/FPGA/_x/setup_aie_hw/setup_aie/setup_aie/solution/.autopilot/db/setup_aie.pp.0.cpp:15721:13: note: FIX-IT applied suggested code changes
/home/users/giuseppe.sorrentino/VOTED/FPGA/_x/setup_aie_hw/setup_aie/setup_aie/solution/.autopilot/db/setup_aie.pp.0.cpp:15727:17: warning: Added loop label VITIS_LOOP_177_5:   [xilinx-label-all-loops]
                for (int j = 9; j >= I_+4; j--){
                ^~~
                VITIS_LOOP_177_5: 
/home/users/giuseppe.sorrentino/VOTED/FPGA/_x/setup_aie_hw/setup_aie/setup_aie/solution/.autopilot/db/setup_aie.pp.0.cpp:15727:17: note: FIX-IT applied suggested code changes
/home/users/giuseppe.sorrentino/VOTED/FPGA/_x/setup_aie_hw/setup_aie/setup_aie/solution/.autopilot/db/setup_aie.pp.0.cpp:15731:17: warning: Added loop label VITIS_LOOP_181_6:   [xilinx-label-all-loops]
                for (int j = I_+3; j >= 0; j--){
                ^~~
                VITIS_LOOP_181_6: 
/home/users/giuseppe.sorrentino/VOTED/FPGA/_x/setup_aie_hw/setup_aie/setup_aie/solution/.autopilot/db/setup_aie.pp.0.cpp:15731:17: note: FIX-IT applied suggested code changes
/home/users/giuseppe.sorrentino/VOTED/FPGA/_x/setup_aie_hw/setup_aie/setup_aie/solution/.autopilot/db/setup_aie.pp.0.cpp:15746:9: warning: Added loop label VITIS_LOOP_196_7:   [xilinx-label-all-loops]
        for (int j = 14; j < 22; j++){
        ^~~
        VITIS_LOOP_196_7: 
/home/users/giuseppe.sorrentino/VOTED/FPGA/_x/setup_aie_hw/setup_aie/setup_aie/solution/.autopilot/db/setup_aie.pp.0.cpp:15746:9: note: FIX-IT applied suggested code changes
/home/users/giuseppe.sorrentino/VOTED/FPGA/_x/setup_aie_hw/setup_aie/setup_aie/solution/.autopilot/db/setup_aie.pp.0.cpp:15754:17: warning: Added loop label VITIS_LOOP_204_8:   [xilinx-label-all-loops]
                for (int j = 0; j < 22; j++){
                ^~~
                VITIS_LOOP_204_8: 
/home/users/giuseppe.sorrentino/VOTED/FPGA/_x/setup_aie_hw/setup_aie/setup_aie/solution/.autopilot/db/setup_aie.pp.0.cpp:15754:17: note: FIX-IT applied suggested code changes
/home/users/giuseppe.sorrentino/VOTED/FPGA/_x/setup_aie_hw/setup_aie/setup_aie/solution/.autopilot/db/setup_aie.pp.0.cpp:15819:13: warning: Added loop label VITIS_LOOP_269_9:   [xilinx-label-all-loops]
            for (int j = 21; j >= I_+10; j--) {
            ^~~
            VITIS_LOOP_269_9: 
/home/users/giuseppe.sorrentino/VOTED/FPGA/_x/setup_aie_hw/setup_aie/setup_aie/solution/.autopilot/db/setup_aie.pp.0.cpp:15819:13: note: FIX-IT applied suggested code changes
/home/users/giuseppe.sorrentino/VOTED/FPGA/_x/setup_aie_hw/setup_aie/setup_aie/solution/.autopilot/db/setup_aie.pp.0.cpp:15825:17: warning: Added loop label VITIS_LOOP_275_10:   [xilinx-label-all-loops]
                for (int j = 21; j >= I_+10; j--) {
                ^~~
                VITIS_LOOP_275_10: 
/home/users/giuseppe.sorrentino/VOTED/FPGA/_x/setup_aie_hw/setup_aie/setup_aie/solution/.autopilot/db/setup_aie.pp.0.cpp:15825:17: note: FIX-IT applied suggested code changes
/home/users/giuseppe.sorrentino/VOTED/FPGA/_x/setup_aie_hw/setup_aie/setup_aie/solution/.autopilot/db/setup_aie.pp.0.cpp:15829:17: warning: Added loop label VITIS_LOOP_279_11:   [xilinx-label-all-loops]
                for (int j = I_+9; j >= 0; j--) {
                ^~~
                VITIS_LOOP_279_11: 
/home/users/giuseppe.sorrentino/VOTED/FPGA/_x/setup_aie_hw/setup_aie/setup_aie/solution/.autopilot/db/setup_aie.pp.0.cpp:15829:17: note: FIX-IT applied suggested code changes
/home/users/giuseppe.sorrentino/VOTED/FPGA/_x/setup_aie_hw/setup_aie/setup_aie/solution/.autopilot/db/setup_aie.pp.0.cpp:15844:9: warning: Added loop label VITIS_LOOP_294_12:   [xilinx-label-all-loops]
        for (int j = 27; j < 46; j++){
        ^~~
        VITIS_LOOP_294_12: 
/home/users/giuseppe.sorrentino/VOTED/FPGA/_x/setup_aie_hw/setup_aie/setup_aie/solution/.autopilot/db/setup_aie.pp.0.cpp:15844:9: note: FIX-IT applied suggested code changes
/home/users/giuseppe.sorrentino/VOTED/FPGA/_x/setup_aie_hw/setup_aie/setup_aie/solution/.autopilot/db/setup_aie.pp.0.cpp:15852:17: warning: Added loop label VITIS_LOOP_302_13:   [xilinx-label-all-loops]
                for (int j = 0; j < 46; j++) {
                ^~~
                VITIS_LOOP_302_13: 
/home/users/giuseppe.sorrentino/VOTED/FPGA/_x/setup_aie_hw/setup_aie/setup_aie/solution/.autopilot/db/setup_aie.pp.0.cpp:15852:17: note: FIX-IT applied suggested code changes
/home/users/giuseppe.sorrentino/VOTED/FPGA/_x/setup_aie_hw/setup_aie/setup_aie/solution/.autopilot/db/setup_aie.pp.0.cpp:16081:13: warning: Added loop label VITIS_LOOP_531_14:   [xilinx-label-all-loops]
            for (int j = 45; j >= I_+22; j--) {
            ^~~
            VITIS_LOOP_531_14: 
/home/users/giuseppe.sorrentino/VOTED/FPGA/_x/setup_aie_hw/setup_aie/setup_aie/solution/.autopilot/db/setup_aie.pp.0.cpp:16081:13: note: FIX-IT applied suggested code changes
/home/users/giuseppe.sorrentino/VOTED/FPGA/_x/setup_aie_hw/setup_aie/setup_aie/solution/.autopilot/db/setup_aie.pp.0.cpp:16087:17: warning: Added loop label VITIS_LOOP_537_15:   [xilinx-label-all-loops]
                for (int j = 45; j >= I_+22; j--){
                ^~~
                VITIS_LOOP_537_15: 
/home/users/giuseppe.sorrentino/VOTED/FPGA/_x/setup_aie_hw/setup_aie/setup_aie/solution/.autopilot/db/setup_aie.pp.0.cpp:16087:17: note: FIX-IT applied suggested code changes
/home/users/giuseppe.sorrentino/VOTED/FPGA/_x/setup_aie_hw/setup_aie/setup_aie/solution/.autopilot/db/setup_aie.pp.0.cpp:16091:17: warning: Added loop label VITIS_LOOP_541_16:   [xilinx-label-all-loops]
                for (int j = I_+21; j >= 0; j--) {
                ^~~
                VITIS_LOOP_541_16: 
/home/users/giuseppe.sorrentino/VOTED/FPGA/_x/setup_aie_hw/setup_aie/setup_aie/solution/.autopilot/db/setup_aie.pp.0.cpp:16091:17: note: FIX-IT applied suggested code changes
/home/users/giuseppe.sorrentino/VOTED/FPGA/_x/setup_aie_hw/setup_aie/setup_aie/solution/.autopilot/db/setup_aie.pp.0.cpp:16101:9: warning: Added loop label VITIS_LOOP_551_17:   [xilinx-label-all-loops]
        for (int j = 32-F_; j < 32+I_; j++){
        ^~~
        VITIS_LOOP_551_17: 
/home/users/giuseppe.sorrentino/VOTED/FPGA/_x/setup_aie_hw/setup_aie/setup_aie/solution/.autopilot/db/setup_aie.pp.0.cpp:16101:9: note: FIX-IT applied suggested code changes
/home/users/giuseppe.sorrentino/VOTED/FPGA/_x/setup_aie_hw/setup_aie/setup_aie/solution/.autopilot/db/setup_aie.pp.0.cpp:16105:9: warning: Added loop label VITIS_LOOP_555_18:   [xilinx-label-all-loops]
        for (int j = 32+I_; j <= 64; j++){
        ^~~
        VITIS_LOOP_555_18: 
/home/users/giuseppe.sorrentino/VOTED/FPGA/_x/setup_aie_hw/setup_aie/setup_aie/solution/.autopilot/db/setup_aie.pp.0.cpp:16105:9: note: FIX-IT applied suggested code changes
/home/users/giuseppe.sorrentino/VOTED/FPGA/_x/setup_aie_hw/setup_aie/setup_aie/solution/.autopilot/db/setup_aie.pp.0.cpp:16115:9: warning: Added loop label VITIS_LOOP_565_19:   [xilinx-label-all-loops]
        for (int j = 37; j < 64; j++) {
        ^~~
        VITIS_LOOP_565_19: 
/home/users/giuseppe.sorrentino/VOTED/FPGA/_x/setup_aie_hw/setup_aie/setup_aie/solution/.autopilot/db/setup_aie.pp.0.cpp:16115:9: note: FIX-IT applied suggested code changes
/home/users/giuseppe.sorrentino/VOTED/FPGA/_x/setup_aie_hw/setup_aie/setup_aie/solution/.autopilot/db/setup_aie.pp.0.cpp:16123:17: warning: Added loop label VITIS_LOOP_573_20:   [xilinx-label-all-loops]
                for (int j = 0; j < 64; j++){
                ^~~
                VITIS_LOOP_573_20: 
/home/users/giuseppe.sorrentino/VOTED/FPGA/_x/setup_aie_hw/setup_aie/setup_aie/solution/.autopilot/db/setup_aie.pp.0.cpp:16123:17: note: FIX-IT applied suggested code changes
/home/users/giuseppe.sorrentino/VOTED/FPGA/_x/setup_aie_hw/setup_aie/setup_aie/solution/.autopilot/db/setup_aie.pp.0.cpp:16484:13: warning: Added loop label VITIS_LOOP_934_21:   [xilinx-label-all-loops]
            for (int j = 63; j >= I_+31; j--) {
            ^~~
            VITIS_LOOP_934_21: 
/home/users/giuseppe.sorrentino/VOTED/FPGA/_x/setup_aie_hw/setup_aie/setup_aie/solution/.autopilot/db/setup_aie.pp.0.cpp:16484:13: note: FIX-IT applied suggested code changes
/home/users/giuseppe.sorrentino/VOTED/FPGA/_x/setup_aie_hw/setup_aie/setup_aie/solution/.autopilot/db/setup_aie.pp.0.cpp:16490:17: warning: Added loop label VITIS_LOOP_940_22:   [xilinx-label-all-loops]
                for (int j = 63; j >= I_+31; j--) {
                ^~~
                VITIS_LOOP_940_22: 
/home/users/giuseppe.sorrentino/VOTED/FPGA/_x/setup_aie_hw/setup_aie/setup_aie/solution/.autopilot/db/setup_aie.pp.0.cpp:16490:17: note: FIX-IT applied suggested code changes
/home/users/giuseppe.sorrentino/VOTED/FPGA/_x/setup_aie_hw/setup_aie/setup_aie/solution/.autopilot/db/setup_aie.pp.0.cpp:16494:17: warning: Added loop label VITIS_LOOP_944_23:   [xilinx-label-all-loops]
                for (int j = I_+30; j >= 0; j--) {
                ^~~
                VITIS_LOOP_944_23: 
/home/users/giuseppe.sorrentino/VOTED/FPGA/_x/setup_aie_hw/setup_aie/setup_aie/solution/.autopilot/db/setup_aie.pp.0.cpp:16494:17: note: FIX-IT applied suggested code changes
/home/users/giuseppe.sorrentino/VOTED/FPGA/_x/setup_aie_hw/setup_aie/setup_aie/solution/.autopilot/db/setup_aie.pp.0.cpp:16610:13: warning: Added loop label VITIS_LOOP_1060_1:   [xilinx-label-all-loops]
            for (int j = 4; j >= I_+1; j--) {
            ^~~
            VITIS_LOOP_1060_1: 
/home/users/giuseppe.sorrentino/VOTED/FPGA/_x/setup_aie_hw/setup_aie/setup_aie/solution/.autopilot/db/setup_aie.pp.0.cpp:16610:13: note: FIX-IT applied suggested code changes
/home/users/giuseppe.sorrentino/VOTED/FPGA/_x/setup_aie_hw/setup_aie/setup_aie/solution/.autopilot/db/setup_aie.pp.0.cpp:16616:17: warning: Added loop label VITIS_LOOP_1066_2:   [xilinx-label-all-loops]
                for (int j = 4; j >= I_+1; j--) {
                ^~~
                VITIS_LOOP_1066_2: 
/home/users/giuseppe.sorrentino/VOTED/FPGA/_x/setup_aie_hw/setup_aie/setup_aie/solution/.autopilot/db/setup_aie.pp.0.cpp:16616:17: note: FIX-IT applied suggested code changes
/home/users/giuseppe.sorrentino/VOTED/FPGA/_x/setup_aie_hw/setup_aie/setup_aie/solution/.autopilot/db/setup_aie.pp.0.cpp:16620:17: warning: Added loop label VITIS_LOOP_1070_3:   [xilinx-label-all-loops]
                for (int j = I_; j >= 0; j--) {
                ^~~
                VITIS_LOOP_1070_3: 
/home/users/giuseppe.sorrentino/VOTED/FPGA/_x/setup_aie_hw/setup_aie/setup_aie/solution/.autopilot/db/setup_aie.pp.0.cpp:16620:17: note: FIX-IT applied suggested code changes
/home/users/giuseppe.sorrentino/VOTED/FPGA/_x/setup_aie_hw/setup_aie/setup_aie/solution/.autopilot/db/setup_aie.pp.0.cpp:16707:13: warning: Added loop label VITIS_LOOP_1157_4:   [xilinx-label-all-loops]
            for (int j = 10; j >= I_+4; j--) {
            ^~~
            VITIS_LOOP_1157_4: 
/home/users/giuseppe.sorrentino/VOTED/FPGA/_x/setup_aie_hw/setup_aie/setup_aie/solution/.autopilot/db/setup_aie.pp.0.cpp:16707:13: note: FIX-IT applied suggested code changes
/home/users/giuseppe.sorrentino/VOTED/FPGA/_x/setup_aie_hw/setup_aie/setup_aie/solution/.autopilot/db/setup_aie.pp.0.cpp:16713:17: warning: Added loop label VITIS_LOOP_1163_5:   [xilinx-label-all-loops]
                for (int j = 10; j >= I_+4; j--) {
                ^~~
                VITIS_LOOP_1163_5: 
/home/users/giuseppe.sorrentino/VOTED/FPGA/_x/setup_aie_hw/setup_aie/setup_aie/solution/.autopilot/db/setup_aie.pp.0.cpp:16713:17: note: FIX-IT applied suggested code changes
/home/users/giuseppe.sorrentino/VOTED/FPGA/_x/setup_aie_hw/setup_aie/setup_aie/solution/.autopilot/db/setup_aie.pp.0.cpp:16717:17: warning: Added loop label VITIS_LOOP_1167_6:   [xilinx-label-all-loops]
                for (int j = I_+3; j >= 0; j--) {
                ^~~
                VITIS_LOOP_1167_6: 
/home/users/giuseppe.sorrentino/VOTED/FPGA/_x/setup_aie_hw/setup_aie/setup_aie/solution/.autopilot/db/setup_aie.pp.0.cpp:16717:17: note: FIX-IT applied suggested code changes
/home/users/giuseppe.sorrentino/VOTED/FPGA/_x/setup_aie_hw/setup_aie/setup_aie/solution/.autopilot/db/setup_aie.pp.0.cpp:16736:9: warning: Added loop label VITIS_LOOP_1186_7:   [xilinx-label-all-loops]
        for (int j = wf+3; j < w-1; j++) {
        ^~~
        VITIS_LOOP_1186_7: 
/home/users/giuseppe.sorrentino/VOTED/FPGA/_x/setup_aie_hw/setup_aie/setup_aie/solution/.autopilot/db/setup_aie.pp.0.cpp:16736:9: note: FIX-IT applied suggested code changes
/home/users/giuseppe.sorrentino/VOTED/FPGA/_x/setup_aie_hw/setup_aie/setup_aie/solution/.autopilot/db/setup_aie.pp.0.cpp:16743:17: warning: Added loop label VITIS_LOOP_1193_8:   [xilinx-label-all-loops]
                for (int j = 0; j < 22; j++) {
                ^~~
                VITIS_LOOP_1193_8: 
/home/users/giuseppe.sorrentino/VOTED/FPGA/_x/setup_aie_hw/setup_aie/setup_aie/solution/.autopilot/db/setup_aie.pp.0.cpp:16743:17: note: FIX-IT applied suggested code changes
/home/users/giuseppe.sorrentino/VOTED/FPGA/_x/setup_aie_hw/setup_aie/setup_aie/solution/.autopilot/db/setup_aie.pp.0.cpp:16859:13: warning: Added loop label VITIS_LOOP_1309_9:   [xilinx-label-all-loops]
            for (int j = 22; j >= I_+10; j--) {
            ^~~
            VITIS_LOOP_1309_9: 
/home/users/giuseppe.sorrentino/VOTED/FPGA/_x/setup_aie_hw/setup_aie/setup_aie/solution/.autopilot/db/setup_aie.pp.0.cpp:16859:13: note: FIX-IT applied suggested code changes
/home/users/giuseppe.sorrentino/VOTED/FPGA/_x/setup_aie_hw/setup_aie/setup_aie/solution/.autopilot/db/setup_aie.pp.0.cpp:16865:17: warning: Added loop label VITIS_LOOP_1315_10:   [xilinx-label-all-loops]
                for (int j = 22; j >= I_+10; j--){
                ^~~
                VITIS_LOOP_1315_10: 
/home/users/giuseppe.sorrentino/VOTED/FPGA/_x/setup_aie_hw/setup_aie/setup_aie/solution/.autopilot/db/setup_aie.pp.0.cpp:16865:17: note: FIX-IT applied suggested code changes
/home/users/giuseppe.sorrentino/VOTED/FPGA/_x/setup_aie_hw/setup_aie/setup_aie/solution/.autopilot/db/setup_aie.pp.0.cpp:16869:17: warning: Added loop label VITIS_LOOP_1319_11:   [xilinx-label-all-loops]
                for (int j = I_+9; j >= 0; j--) {
                ^~~
                VITIS_LOOP_1319_11: 
/home/users/giuseppe.sorrentino/VOTED/FPGA/_x/setup_aie_hw/setup_aie/setup_aie/solution/.autopilot/db/setup_aie.pp.0.cpp:16869:17: note: FIX-IT applied suggested code changes
/home/users/giuseppe.sorrentino/VOTED/FPGA/_x/setup_aie_hw/setup_aie/setup_aie/solution/.autopilot/db/setup_aie.pp.0.cpp:16889:9: warning: Added loop label VITIS_LOOP_1339_12:   [xilinx-label-all-loops]
        for (int j = wf+4; j < w-1; j++){
        ^~~
        VITIS_LOOP_1339_12: 
/home/users/giuseppe.sorrentino/VOTED/FPGA/_x/setup_aie_hw/setup_aie/setup_aie/solution/.autopilot/db/setup_aie.pp.0.cpp:16889:9: note: FIX-IT applied suggested code changes
/home/users/giuseppe.sorrentino/VOTED/FPGA/_x/setup_aie_hw/setup_aie/setup_aie/solution/.autopilot/db/setup_aie.pp.0.cpp:16896:17: warning: Added loop label VITIS_LOOP_1346_13:   [xilinx-label-all-loops]
                for (int j = 0; j < 46; j++) {
                ^~~
                VITIS_LOOP_1346_13: 
/home/users/giuseppe.sorrentino/VOTED/FPGA/_x/setup_aie_hw/setup_aie/setup_aie/solution/.autopilot/db/setup_aie.pp.0.cpp:16896:17: note: FIX-IT applied suggested code changes
/home/users/giuseppe.sorrentino/VOTED/FPGA/_x/setup_aie_hw/setup_aie/setup_aie/solution/.autopilot/db/setup_aie.pp.0.cpp:17158:13: warning: Added loop label VITIS_LOOP_1608_14:   [xilinx-label-all-loops]
            for (int j = 46; j >= I_+22; j--) {
            ^~~
            VITIS_LOOP_1608_14: 
/home/users/giuseppe.sorrentino/VOTED/FPGA/_x/setup_aie_hw/setup_aie/setup_aie/solution/.autopilot/db/setup_aie.pp.0.cpp:17158:13: note: FIX-IT applied suggested code changes
/home/users/giuseppe.sorrentino/VOTED/FPGA/_x/setup_aie_hw/setup_aie/setup_aie/solution/.autopilot/db/setup_aie.pp.0.cpp:17164:17: warning: Added loop label VITIS_LOOP_1614_15:   [xilinx-label-all-loops]
                for (int j = 46; j >= I_+22; j--) {
                ^~~
                VITIS_LOOP_1614_15: 
/home/users/giuseppe.sorrentino/VOTED/FPGA/_x/setup_aie_hw/setup_aie/setup_aie/solution/.autopilot/db/setup_aie.pp.0.cpp:17164:17: note: FIX-IT applied suggested code changes
/home/users/giuseppe.sorrentino/VOTED/FPGA/_x/setup_aie_hw/setup_aie/setup_aie/solution/.autopilot/db/setup_aie.pp.0.cpp:17168:17: warning: Added loop label VITIS_LOOP_1618_16:   [xilinx-label-all-loops]
                for (int j = I_+21; j >= 0; j--) {
                ^~~
                VITIS_LOOP_1618_16: 
/home/users/giuseppe.sorrentino/VOTED/FPGA/_x/setup_aie_hw/setup_aie/setup_aie/solution/.autopilot/db/setup_aie.pp.0.cpp:17168:17: note: FIX-IT applied suggested code changes
/home/users/giuseppe.sorrentino/VOTED/FPGA/_x/setup_aie_hw/setup_aie/setup_aie/solution/.autopilot/db/setup_aie.pp.0.cpp:17192:9: warning: Added loop label VITIS_LOOP_1642_17:   [xilinx-label-all-loops]
        for (int j = wf+5; j < w-1; j++){
        ^~~
        VITIS_LOOP_1642_17: 
/home/users/giuseppe.sorrentino/VOTED/FPGA/_x/setup_aie_hw/setup_aie/setup_aie/solution/.autopilot/db/setup_aie.pp.0.cpp:17192:9: note: FIX-IT applied suggested code changes
/home/users/giuseppe.sorrentino/VOTED/FPGA/_x/setup_aie_hw/setup_aie/setup_aie/solution/.autopilot/db/setup_aie.pp.0.cpp:17199:17: warning: Added loop label VITIS_LOOP_1649_18:   [xilinx-label-all-loops]
                for (int j = 0; j < 64; j++) {
                ^~~
                VITIS_LOOP_1649_18: 
/home/users/giuseppe.sorrentino/VOTED/FPGA/_x/setup_aie_hw/setup_aie/setup_aie/solution/.autopilot/db/setup_aie.pp.0.cpp:17199:17: note: FIX-IT applied suggested code changes
/home/users/giuseppe.sorrentino/VOTED/FPGA/_x/setup_aie_hw/setup_aie/setup_aie/solution/.autopilot/db/setup_aie.pp.0.cpp:17629:13: warning: Added loop label VITIS_LOOP_2079_19:   [xilinx-label-all-loops]
            for (int j = 64; j >= I_+31; j--) {
            ^~~
            VITIS_LOOP_2079_19: 
/home/users/giuseppe.sorrentino/VOTED/FPGA/_x/setup_aie_hw/setup_aie/setup_aie/solution/.autopilot/db/setup_aie.pp.0.cpp:17629:13: note: FIX-IT applied suggested code changes
/home/users/giuseppe.sorrentino/VOTED/FPGA/_x/setup_aie_hw/setup_aie/setup_aie/solution/.autopilot/db/setup_aie.pp.0.cpp:17635:17: warning: Added loop label VITIS_LOOP_2085_20:   [xilinx-label-all-loops]
                for (int j = 64; j >= I_+31; j--) {
                ^~~
                VITIS_LOOP_2085_20: 
/home/users/giuseppe.sorrentino/VOTED/FPGA/_x/setup_aie_hw/setup_aie/setup_aie/solution/.autopilot/db/setup_aie.pp.0.cpp:17635:17: note: FIX-IT applied suggested code changes
/home/users/giuseppe.sorrentino/VOTED/FPGA/_x/setup_aie_hw/setup_aie/setup_aie/solution/.autopilot/db/setup_aie.pp.0.cpp:17639:17: warning: Added loop label VITIS_LOOP_2089_21:   [xilinx-label-all-loops]
                for (int j = I_+30; j >= 0; j--) {
                ^~~
                VITIS_LOOP_2089_21: 
/home/users/giuseppe.sorrentino/VOTED/FPGA/_x/setup_aie_hw/setup_aie/setup_aie/solution/.autopilot/db/setup_aie.pp.0.cpp:17639:17: note: FIX-IT applied suggested code changes
/home/users/giuseppe.sorrentino/VOTED/FPGA/_x/setup_aie_hw/setup_aie/setup_aie/solution/.autopilot/db/setup_aie.pp.0.cpp:17769:13: warning: Added loop label VITIS_LOOP_2219_1:   [xilinx-label-all-loops]
            for(int j=3; j>=I+1; j--) {
            ^~~
            VITIS_LOOP_2219_1: 
/home/users/giuseppe.sorrentino/VOTED/FPGA/_x/setup_aie_hw/setup_aie/setup_aie/solution/.autopilot/db/setup_aie.pp.0.cpp:17769:13: note: FIX-IT applied suggested code changes
/home/users/giuseppe.sorrentino/VOTED/FPGA/_x/setup_aie_hw/setup_aie/setup_aie/solution/.autopilot/db/setup_aie.pp.0.cpp:17776:17: warning: Added loop label VITIS_LOOP_2226_2:   [xilinx-label-all-loops]
                for(int j=3; j>=I+1; j--) {
                ^~~
                VITIS_LOOP_2226_2: 
/home/users/giuseppe.sorrentino/VOTED/FPGA/_x/setup_aie_hw/setup_aie/setup_aie/solution/.autopilot/db/setup_aie.pp.0.cpp:17776:17: note: FIX-IT applied suggested code changes
/home/users/giuseppe.sorrentino/VOTED/FPGA/_x/setup_aie_hw/setup_aie/setup_aie/solution/.autopilot/db/setup_aie.pp.0.cpp:17780:17: warning: Added loop label VITIS_LOOP_2230_3:   [xilinx-label-all-loops]
                for(int j=I; j>=0; j--) {
                ^~~
                VITIS_LOOP_2230_3: 
/home/users/giuseppe.sorrentino/VOTED/FPGA/_x/setup_aie_hw/setup_aie/setup_aie/solution/.autopilot/db/setup_aie.pp.0.cpp:17780:17: note: FIX-IT applied suggested code changes
/home/users/giuseppe.sorrentino/VOTED/FPGA/_x/setup_aie_hw/setup_aie/setup_aie/solution/.autopilot/db/setup_aie.pp.0.cpp:17827:13: warning: Added loop label VITIS_LOOP_2277_4:   [xilinx-label-all-loops]
            for(int j=7; j>=3+I; j--) {
            ^~~
            VITIS_LOOP_2277_4: 
/home/users/giuseppe.sorrentino/VOTED/FPGA/_x/setup_aie_hw/setup_aie/setup_aie/solution/.autopilot/db/setup_aie.pp.0.cpp:17827:13: note: FIX-IT applied suggested code changes
/home/users/giuseppe.sorrentino/VOTED/FPGA/_x/setup_aie_hw/setup_aie/setup_aie/solution/.autopilot/db/setup_aie.pp.0.cpp:17834:17: warning: Added loop label VITIS_LOOP_2284_5:   [xilinx-label-all-loops]
                for(int j=7; j>=3+I; j--) {
                ^~~
                VITIS_LOOP_2284_5: 
/home/users/giuseppe.sorrentino/VOTED/FPGA/_x/setup_aie_hw/setup_aie/setup_aie/solution/.autopilot/db/setup_aie.pp.0.cpp:17834:17: note: FIX-IT applied suggested code changes
/home/users/giuseppe.sorrentino/VOTED/FPGA/_x/setup_aie_hw/setup_aie/setup_aie/solution/.autopilot/db/setup_aie.pp.0.cpp:17838:17: warning: Added loop label VITIS_LOOP_2288_6:   [xilinx-label-all-loops]
                for(int j=I+2; j>=0; j--) {
                ^~~
                VITIS_LOOP_2288_6: 
/home/users/giuseppe.sorrentino/VOTED/FPGA/_x/setup_aie_hw/setup_aie/setup_aie/solution/.autopilot/db/setup_aie.pp.0.cpp:17838:17: note: FIX-IT applied suggested code changes
/home/users/giuseppe.sorrentino/VOTED/FPGA/_x/setup_aie_hw/setup_aie/setup_aie/solution/.autopilot/db/setup_aie.pp.0.cpp:17856:9: warning: Added loop label VITIS_LOOP_2306_7:   [xilinx-label-all-loops]
        for(int j=11; j<16; j++) {
        ^~~
        VITIS_LOOP_2306_7: 
/home/users/giuseppe.sorrentino/VOTED/FPGA/_x/setup_aie_hw/setup_aie/setup_aie/solution/.autopilot/db/setup_aie.pp.0.cpp:17856:9: note: FIX-IT applied suggested code changes
/home/users/giuseppe.sorrentino/VOTED/FPGA/_x/setup_aie_hw/setup_aie/setup_aie/solution/.autopilot/db/setup_aie.pp.0.cpp:17911:13: warning: Added loop label VITIS_LOOP_2361_8:   [xilinx-label-all-loops]
            for(int j=15; j>=7+I; j--) {
            ^~~
            VITIS_LOOP_2361_8: 
/home/users/giuseppe.sorrentino/VOTED/FPGA/_x/setup_aie_hw/setup_aie/setup_aie/solution/.autopilot/db/setup_aie.pp.0.cpp:17911:13: note: FIX-IT applied suggested code changes
/home/users/giuseppe.sorrentino/VOTED/FPGA/_x/setup_aie_hw/setup_aie/setup_aie/solution/.autopilot/db/setup_aie.pp.0.cpp:17918:17: warning: Added loop label VITIS_LOOP_2368_9:   [xilinx-label-all-loops]
                for(int j=15; j>=7+I; j--) {
                ^~~
                VITIS_LOOP_2368_9: 
/home/users/giuseppe.sorrentino/VOTED/FPGA/_x/setup_aie_hw/setup_aie/setup_aie/solution/.autopilot/db/setup_aie.pp.0.cpp:17918:17: note: FIX-IT applied suggested code changes
/home/users/giuseppe.sorrentino/VOTED/FPGA/_x/setup_aie_hw/setup_aie/setup_aie/solution/.autopilot/db/setup_aie.pp.0.cpp:17922:17: warning: Added loop label VITIS_LOOP_2372_10:   [xilinx-label-all-loops]
                for(int j=6+I; j>=0; j--) {
                ^~~
                VITIS_LOOP_2372_10: 
/home/users/giuseppe.sorrentino/VOTED/FPGA/_x/setup_aie_hw/setup_aie/setup_aie/solution/.autopilot/db/setup_aie.pp.0.cpp:17922:17: note: FIX-IT applied suggested code changes
/home/users/giuseppe.sorrentino/VOTED/FPGA/_x/setup_aie_hw/setup_aie/setup_aie/solution/.autopilot/db/setup_aie.pp.0.cpp:17940:9: warning: Added loop label VITIS_LOOP_2390_11:   [xilinx-label-all-loops]
        for(int j=20; j<32; j++) {
        ^~~
        VITIS_LOOP_2390_11: 
/home/users/giuseppe.sorrentino/VOTED/FPGA/_x/setup_aie_hw/setup_aie/setup_aie/solution/.autopilot/db/setup_aie.pp.0.cpp:17940:9: note: FIX-IT applied suggested code changes
/home/users/giuseppe.sorrentino/VOTED/FPGA/_x/setup_aie_hw/setup_aie/setup_aie/solution/.autopilot/db/setup_aie.pp.0.cpp:18029:13: warning: Added loop label VITIS_LOOP_2479_12:   [xilinx-label-all-loops]
            for(int j=31; j>=I+15; j--) {
            ^~~
            VITIS_LOOP_2479_12: 
/home/users/giuseppe.sorrentino/VOTED/FPGA/_x/setup_aie_hw/setup_aie/setup_aie/solution/.autopilot/db/setup_aie.pp.0.cpp:18029:13: note: FIX-IT applied suggested code changes
/home/users/giuseppe.sorrentino/VOTED/FPGA/_x/setup_aie_hw/setup_aie/setup_aie/solution/.autopilot/db/setup_aie.pp.0.cpp:18036:17: warning: Added loop label VITIS_LOOP_2486_13:   [xilinx-label-all-loops]
                for(int j=31; j>=I+15; j--) {
                ^~~
                VITIS_LOOP_2486_13: 
/home/users/giuseppe.sorrentino/VOTED/FPGA/_x/setup_aie_hw/setup_aie/setup_aie/solution/.autopilot/db/setup_aie.pp.0.cpp:18036:17: note: FIX-IT applied suggested code changes
/home/users/giuseppe.sorrentino/VOTED/FPGA/_x/setup_aie_hw/setup_aie/setup_aie/solution/.autopilot/db/setup_aie.pp.0.cpp:18040:17: warning: Added loop label VITIS_LOOP_2490_14:   [xilinx-label-all-loops]
                for(int j=I+14; j>=0; j--) {
                ^~~
                VITIS_LOOP_2490_14: 
/home/users/giuseppe.sorrentino/VOTED/FPGA/_x/setup_aie_hw/setup_aie/setup_aie/solution/.autopilot/db/setup_aie.pp.0.cpp:18040:17: note: FIX-IT applied suggested code changes
/home/users/giuseppe.sorrentino/VOTED/FPGA/_x/setup_aie_hw/setup_aie/setup_aie/solution/.autopilot/db/setup_aie.pp.0.cpp:18050:9: warning: Added loop label VITIS_LOOP_2500_15:   [xilinx-label-all-loops]
        for(int j=32-F; j<32+I; j++) {
        ^~~
        VITIS_LOOP_2500_15: 
/home/users/giuseppe.sorrentino/VOTED/FPGA/_x/setup_aie_hw/setup_aie/setup_aie/solution/.autopilot/db/setup_aie.pp.0.cpp:18050:9: note: FIX-IT applied suggested code changes
/home/users/giuseppe.sorrentino/VOTED/FPGA/_x/setup_aie_hw/setup_aie/setup_aie/solution/.autopilot/db/setup_aie.pp.0.cpp:18054:9: warning: Added loop label VITIS_LOOP_2504_16:   [xilinx-label-all-loops]
        for(int j=32+I; j<=64; j++) {
        ^~~
        VITIS_LOOP_2504_16: 
/home/users/giuseppe.sorrentino/VOTED/FPGA/_x/setup_aie_hw/setup_aie/setup_aie/solution/.autopilot/db/setup_aie.pp.0.cpp:18054:9: note: FIX-IT applied suggested code changes
/home/users/giuseppe.sorrentino/VOTED/FPGA/_x/setup_aie_hw/setup_aie/setup_aie/solution/.autopilot/db/setup_aie.pp.0.cpp:18065:9: warning: Added loop label VITIS_LOOP_2515_17:   [xilinx-label-all-loops]
        for(int j=37; j<64; j++) {
        ^~~
        VITIS_LOOP_2515_17: 
/home/users/giuseppe.sorrentino/VOTED/FPGA/_x/setup_aie_hw/setup_aie/setup_aie/solution/.autopilot/db/setup_aie.pp.0.cpp:18065:9: note: FIX-IT applied suggested code changes
/home/users/giuseppe.sorrentino/VOTED/FPGA/_x/setup_aie_hw/setup_aie/setup_aie/solution/.autopilot/db/setup_aie.pp.0.cpp:18073:17: warning: Added loop label VITIS_LOOP_2523_18:   [xilinx-label-all-loops]
                for(int j=0; j<64; j++) {
                ^~~
                VITIS_LOOP_2523_18: 
/home/users/giuseppe.sorrentino/VOTED/FPGA/_x/setup_aie_hw/setup_aie/setup_aie/solution/.autopilot/db/setup_aie.pp.0.cpp:18073:17: note: FIX-IT applied suggested code changes
/home/users/giuseppe.sorrentino/VOTED/FPGA/_x/setup_aie_hw/setup_aie/setup_aie/solution/.autopilot/db/setup_aie.pp.0.cpp:18398:13: warning: Added loop label VITIS_LOOP_2848_19:   [xilinx-label-all-loops]
            for(int j=63; j>=I+31; j--) {
            ^~~
            VITIS_LOOP_2848_19: 
/home/users/giuseppe.sorrentino/VOTED/FPGA/_x/setup_aie_hw/setup_aie/setup_aie/solution/.autopilot/db/setup_aie.pp.0.cpp:18398:13: note: FIX-IT applied suggested code changes
/home/users/giuseppe.sorrentino/VOTED/FPGA/_x/setup_aie_hw/setup_aie/setup_aie/solution/.autopilot/db/setup_aie.pp.0.cpp:18405:17: warning: Added loop label VITIS_LOOP_2855_20:   [xilinx-label-all-loops]
                for(int j=63; j>=I+31; j--) {
                ^~~
                VITIS_LOOP_2855_20: 
/home/users/giuseppe.sorrentino/VOTED/FPGA/_x/setup_aie_hw/setup_aie/setup_aie/solution/.autopilot/db/setup_aie.pp.0.cpp:18405:17: note: FIX-IT applied suggested code changes
/home/users/giuseppe.sorrentino/VOTED/FPGA/_x/setup_aie_hw/setup_aie/setup_aie/solution/.autopilot/db/setup_aie.pp.0.cpp:18409:17: warning: Added loop label VITIS_LOOP_2859_21:   [xilinx-label-all-loops]
                for(int j=I+30; j>=0; j--) {
                ^~~
                VITIS_LOOP_2859_21: 
/home/users/giuseppe.sorrentino/VOTED/FPGA/_x/setup_aie_hw/setup_aie/setup_aie/solution/.autopilot/db/setup_aie.pp.0.cpp:18409:17: note: FIX-IT applied suggested code changes
/home/users/giuseppe.sorrentino/VOTED/FPGA/_x/setup_aie_hw/setup_aie/setup_aie/solution/.autopilot/db/setup_aie.pp.0.cpp:18497:4: warning: Added loop label VITIS_LOOP_2947_1:   [xilinx-label-all-loops]
   for(int j = 5; j>=I_+2; j--) {
   ^~~
   VITIS_LOOP_2947_1: 
/home/users/giuseppe.sorrentino/VOTED/FPGA/_x/setup_aie_hw/setup_aie/setup_aie/solution/.autopilot/db/setup_aie.pp.0.cpp:18497:4: note: FIX-IT applied suggested code changes
/home/users/giuseppe.sorrentino/VOTED/FPGA/_x/setup_aie_hw/setup_aie/setup_aie/solution/.autopilot/db/setup_aie.pp.0.cpp:18504:5: warning: Added loop label VITIS_LOOP_2954_2:   [xilinx-label-all-loops]
    for(int j = 5; j>=I_+2; j--) {
    ^~~
    VITIS_LOOP_2954_2: 
/home/users/giuseppe.sorrentino/VOTED/FPGA/_x/setup_aie_hw/setup_aie/setup_aie/solution/.autopilot/db/setup_aie.pp.0.cpp:18504:5: note: FIX-IT applied suggested code changes
/home/users/giuseppe.sorrentino/VOTED/FPGA/_x/setup_aie_hw/setup_aie/setup_aie/solution/.autopilot/db/setup_aie.pp.0.cpp:18508:5: warning: Added loop label VITIS_LOOP_2958_3:   [xilinx-label-all-loops]
    for(int j = I_+1; j>=0; j--) {
    ^~~
    VITIS_LOOP_2958_3: 
/home/users/giuseppe.sorrentino/VOTED/FPGA/_x/setup_aie_hw/setup_aie/setup_aie/solution/.autopilot/db/setup_aie.pp.0.cpp:18508:5: note: FIX-IT applied suggested code changes
/home/users/giuseppe.sorrentino/VOTED/FPGA/_x/setup_aie_hw/setup_aie/setup_aie/solution/.autopilot/db/setup_aie.pp.0.cpp:18523:3: warning: Added loop label VITIS_LOOP_2973_4:   [xilinx-label-all-loops]
  for(int j = 11; j >=7; j--) {
  ^~~
  VITIS_LOOP_2973_4: 
/home/users/giuseppe.sorrentino/VOTED/FPGA/_x/setup_aie_hw/setup_aie/setup_aie/solution/.autopilot/db/setup_aie.pp.0.cpp:18523:3: note: FIX-IT applied suggested code changes
/home/users/giuseppe.sorrentino/VOTED/FPGA/_x/setup_aie_hw/setup_aie/setup_aie/solution/.autopilot/db/setup_aie.pp.0.cpp:18555:4: warning: Added loop label VITIS_LOOP_3005_5:   [xilinx-label-all-loops]
   for(int j = 11; j >= I_+5; j--) {
   ^~~
   VITIS_LOOP_3005_5: 
/home/users/giuseppe.sorrentino/VOTED/FPGA/_x/setup_aie_hw/setup_aie/setup_aie/solution/.autopilot/db/setup_aie.pp.0.cpp:18555:4: note: FIX-IT applied suggested code changes
/home/users/giuseppe.sorrentino/VOTED/FPGA/_x/setup_aie_hw/setup_aie/setup_aie/solution/.autopilot/db/setup_aie.pp.0.cpp:18562:5: warning: Added loop label VITIS_LOOP_3012_6:   [xilinx-label-all-loops]
    for(int j = 11; j>= I_+5; j--) {
    ^~~
    VITIS_LOOP_3012_6: 
/home/users/giuseppe.sorrentino/VOTED/FPGA/_x/setup_aie_hw/setup_aie/setup_aie/solution/.autopilot/db/setup_aie.pp.0.cpp:18562:5: note: FIX-IT applied suggested code changes
/home/users/giuseppe.sorrentino/VOTED/FPGA/_x/setup_aie_hw/setup_aie/setup_aie/solution/.autopilot/db/setup_aie.pp.0.cpp:18566:5: warning: Added loop label VITIS_LOOP_3016_7:   [xilinx-label-all-loops]
    for(int j = I_+4; j>=0; j--) {
    ^~~
    VITIS_LOOP_3016_7: 
/home/users/giuseppe.sorrentino/VOTED/FPGA/_x/setup_aie_hw/setup_aie/setup_aie/solution/.autopilot/db/setup_aie.pp.0.cpp:18566:5: note: FIX-IT applied suggested code changes
/home/users/giuseppe.sorrentino/VOTED/FPGA/_x/setup_aie_hw/setup_aie/setup_aie/solution/.autopilot/db/setup_aie.pp.0.cpp:18581:3: warning: Added loop label VITIS_LOOP_3031_8:   [xilinx-label-all-loops]
  for(int j = 25; j>=15; j--) {
  ^~~
  VITIS_LOOP_3031_8: 
/home/users/giuseppe.sorrentino/VOTED/FPGA/_x/setup_aie_hw/setup_aie/setup_aie/solution/.autopilot/db/setup_aie.pp.0.cpp:18581:3: note: FIX-IT applied suggested code changes
/home/users/giuseppe.sorrentino/VOTED/FPGA/_x/setup_aie_hw/setup_aie/setup_aie/solution/.autopilot/db/setup_aie.pp.0.cpp:18631:4: warning: Added loop label VITIS_LOOP_3081_9:   [xilinx-label-all-loops]
   for(int j = 25; j>= I_+12; j--) {
   ^~~
   VITIS_LOOP_3081_9: 
/home/users/giuseppe.sorrentino/VOTED/FPGA/_x/setup_aie_hw/setup_aie/setup_aie/solution/.autopilot/db/setup_aie.pp.0.cpp:18631:4: note: FIX-IT applied suggested code changes
/home/users/giuseppe.sorrentino/VOTED/FPGA/_x/setup_aie_hw/setup_aie/setup_aie/solution/.autopilot/db/setup_aie.pp.0.cpp:18638:5: warning: Added loop label VITIS_LOOP_3088_10:   [xilinx-label-all-loops]
    for(int j = 25; j>=I_+12; j--) {
    ^~~
    VITIS_LOOP_3088_10: 
/home/users/giuseppe.sorrentino/VOTED/FPGA/_x/setup_aie_hw/setup_aie/setup_aie/solution/.autopilot/db/setup_aie.pp.0.cpp:18638:5: note: FIX-IT applied suggested code changes
/home/users/giuseppe.sorrentino/VOTED/FPGA/_x/setup_aie_hw/setup_aie/setup_aie/solution/.autopilot/db/setup_aie.pp.0.cpp:18642:5: warning: Added loop label VITIS_LOOP_3092_11:   [xilinx-label-all-loops]
    for(int j = I_+11; j>=0; j--) {
    ^~~
    VITIS_LOOP_3092_11: 
/home/users/giuseppe.sorrentino/VOTED/FPGA/_x/setup_aie_hw/setup_aie/setup_aie/solution/.autopilot/db/setup_aie.pp.0.cpp:18642:5: note: FIX-IT applied suggested code changes
/home/users/giuseppe.sorrentino/VOTED/FPGA/_x/setup_aie_hw/setup_aie/setup_aie/solution/.autopilot/db/setup_aie.pp.0.cpp:18657:3: warning: Added loop label VITIS_LOOP_3107_12:   [xilinx-label-all-loops]
  for(int j = 51; j >= 29; j--) {
  ^~~
  VITIS_LOOP_3107_12: 
/home/users/giuseppe.sorrentino/VOTED/FPGA/_x/setup_aie_hw/setup_aie/setup_aie/solution/.autopilot/db/setup_aie.pp.0.cpp:18657:3: note: FIX-IT applied suggested code changes
/home/users/giuseppe.sorrentino/VOTED/FPGA/_x/setup_aie_hw/setup_aie/setup_aie/solution/.autopilot/db/setup_aie.pp.0.cpp:18794:4: warning: Added loop label VITIS_LOOP_3244_13:   [xilinx-label-all-loops]
   for(int j = 51; j >= 25 + I_; j--) {
   ^~~
   VITIS_LOOP_3244_13: 
/home/users/giuseppe.sorrentino/VOTED/FPGA/_x/setup_aie_hw/setup_aie/setup_aie/solution/.autopilot/db/setup_aie.pp.0.cpp:18794:4: note: FIX-IT applied suggested code changes
/home/users/giuseppe.sorrentino/VOTED/FPGA/_x/setup_aie_hw/setup_aie/setup_aie/solution/.autopilot/db/setup_aie.pp.0.cpp:18801:5: warning: Added loop label VITIS_LOOP_3251_14:   [xilinx-label-all-loops]
    for(int j = 51; j>=25 + I_; j--) {
    ^~~
    VITIS_LOOP_3251_14: 
/home/users/giuseppe.sorrentino/VOTED/FPGA/_x/setup_aie_hw/setup_aie/setup_aie/solution/.autopilot/db/setup_aie.pp.0.cpp:18801:5: note: FIX-IT applied suggested code changes
/home/users/giuseppe.sorrentino/VOTED/FPGA/_x/setup_aie_hw/setup_aie/setup_aie/solution/.autopilot/db/setup_aie.pp.0.cpp:18805:5: warning: Added loop label VITIS_LOOP_3255_15:   [xilinx-label-all-loops]
    for(int j = 24 + I_; j >= 0; j--) {
    ^~~
    VITIS_LOOP_3255_15: 
/home/users/giuseppe.sorrentino/VOTED/FPGA/_x/setup_aie_hw/setup_aie/setup_aie/solution/.autopilot/db/setup_aie.pp.0.cpp:18805:5: note: FIX-IT applied suggested code changes
/home/users/giuseppe.sorrentino/VOTED/FPGA/_x/setup_aie_hw/setup_aie/setup_aie/solution/.autopilot/db/setup_aie.pp.0.cpp:18820:3: warning: Added loop label VITIS_LOOP_3270_16:   [xilinx-label-all-loops]
  for(int j = 63; j >= 36; j--) {
  ^~~
  VITIS_LOOP_3270_16: 
/home/users/giuseppe.sorrentino/VOTED/FPGA/_x/setup_aie_hw/setup_aie/setup_aie/solution/.autopilot/db/setup_aie.pp.0.cpp:18820:3: note: FIX-IT applied suggested code changes
/home/users/giuseppe.sorrentino/VOTED/FPGA/_x/setup_aie_hw/setup_aie/setup_aie/solution/.autopilot/db/setup_aie.pp.0.cpp:18980:4: warning: Added loop label VITIS_LOOP_3430_17:   [xilinx-label-all-loops]
   for(int j = 63; j >= 31 + I_; j--) {
   ^~~
   VITIS_LOOP_3430_17: 
/home/users/giuseppe.sorrentino/VOTED/FPGA/_x/setup_aie_hw/setup_aie/setup_aie/solution/.autopilot/db/setup_aie.pp.0.cpp:18980:4: note: FIX-IT applied suggested code changes
/home/users/giuseppe.sorrentino/VOTED/FPGA/_x/setup_aie_hw/setup_aie/setup_aie/solution/.autopilot/db/setup_aie.pp.0.cpp:18987:5: warning: Added loop label VITIS_LOOP_3437_18:   [xilinx-label-all-loops]
    for(int j = 63; j >= 31 + I_; j--) {
    ^~~
    VITIS_LOOP_3437_18: 
/home/users/giuseppe.sorrentino/VOTED/FPGA/_x/setup_aie_hw/setup_aie/setup_aie/solution/.autopilot/db/setup_aie.pp.0.cpp:18987:5: note: FIX-IT applied suggested code changes
/home/users/giuseppe.sorrentino/VOTED/FPGA/_x/setup_aie_hw/setup_aie/setup_aie/solution/.autopilot/db/setup_aie.pp.0.cpp:18991:5: warning: Added loop label VITIS_LOOP_3441_19:   [xilinx-label-all-loops]
    for(int j = 30 + I_; j >= 0; j--) {
    ^~~
    VITIS_LOOP_3441_19: 
/home/users/giuseppe.sorrentino/VOTED/FPGA/_x/setup_aie_hw/setup_aie/setup_aie/solution/.autopilot/db/setup_aie.pp.0.cpp:18991:5: note: FIX-IT applied suggested code changes
/home/users/giuseppe.sorrentino/VOTED/FPGA/_x/setup_aie_hw/setup_aie/setup_aie/solution/.autopilot/db/setup_aie.pp.0.cpp:19706:13: warning: Added loop label VITIS_LOOP_729_1:   [xilinx-label-all-loops]
            for (b_exp = I_-1; b_exp >= -F_; b_exp--) {
            ^~~
            VITIS_LOOP_729_1: 
/home/users/giuseppe.sorrentino/VOTED/FPGA/_x/setup_aie_hw/setup_aie/setup_aie/solution/.autopilot/db/setup_aie.pp.0.cpp:19706:13: note: FIX-IT applied suggested code changes
/home/users/giuseppe.sorrentino/VOTED/FPGA/_x/setup_aie_hw/setup_aie/setup_aie/solution/.autopilot/db/setup_aie.pp.0.cpp:19924:13: warning: Added loop label VITIS_LOOP_947_1:   [xilinx-label-all-loops]
            for (b_exp = I_-1; b_exp >= -F_; b_exp--) {
            ^~~
            VITIS_LOOP_947_1: 
/home/users/giuseppe.sorrentino/VOTED/FPGA/_x/setup_aie_hw/setup_aie/setup_aie/solution/.autopilot/db/setup_aie.pp.0.cpp:19924:13: note: FIX-IT applied suggested code changes
/home/users/giuseppe.sorrentino/VOTED/FPGA/_x/setup_aie_hw/setup_aie/setup_aie/solution/.autopilot/db/setup_aie.pp.0.cpp:20341:13: warning: Added loop label VITIS_LOOP_1371_1:   [xilinx-label-all-loops]
            for (b_exp = I_-1; b_exp >= -F_; b_exp--) {
            ^~~
            VITIS_LOOP_1371_1: 
/home/users/giuseppe.sorrentino/VOTED/FPGA/_x/setup_aie_hw/setup_aie/setup_aie/solution/.autopilot/db/setup_aie.pp.0.cpp:20341:13: note: FIX-IT applied suggested code changes
/home/users/giuseppe.sorrentino/VOTED/FPGA/_x/setup_aie_hw/setup_aie/setup_aie/solution/.autopilot/db/setup_aie.pp.0.cpp:20655:9: warning: Added loop label VITIS_LOOP_266_1:   [xilinx-label-all-loops]
        for ( int pos = msbr-1; pos >= 0; pos-- ) {
        ^~~
        VITIS_LOOP_266_1: 
/home/users/giuseppe.sorrentino/VOTED/FPGA/_x/setup_aie_hw/setup_aie/setup_aie/solution/.autopilot/db/setup_aie.pp.0.cpp:20655:9: note: FIX-IT applied suggested code changes
/home/users/giuseppe.sorrentino/VOTED/FPGA/_x/setup_aie_hw/setup_aie/setup_aie/solution/.autopilot/db/setup_aie.pp.0.cpp:20683:9: warning: Added loop label VITIS_LOOP_294_2:   [xilinx-label-all-loops]
        for ( int pos = -1; pos >= -F_-1; pos-- ) {
        ^~~
        VITIS_LOOP_294_2: 
/home/users/giuseppe.sorrentino/VOTED/FPGA/_x/setup_aie_hw/setup_aie/setup_aie/solution/.autopilot/db/setup_aie.pp.0.cpp:20683:9: note: FIX-IT applied suggested code changes
/home/users/giuseppe.sorrentino/VOTED/FPGA/_x/setup_aie_hw/setup_aie/setup_aie/solution/.autopilot/db/setup_aie.pp.0.cpp:21378:13: warning: Added loop label VITIS_LOOP_74_1:   [xilinx-label-all-loops]
            for (int j = 0; j < W_-1; j++){
            ^~~
            VITIS_LOOP_74_1: 
/home/users/giuseppe.sorrentino/VOTED/FPGA/_x/setup_aie_hw/setup_aie/setup_aie/solution/.autopilot/db/setup_aie.pp.0.cpp:21378:13: note: FIX-IT applied suggested code changes
/home/users/giuseppe.sorrentino/VOTED/FPGA/_x/setup_aie_hw/setup_aie/setup_aie/solution/.autopilot/db/setup_aie.pp.0.cpp:21431:5: warning: Added loop label VITIS_LOOP_135_2:   [xilinx-label-all-loops]
    for (int j = F_l+F_+I_m-1; j < F_l+W_+5; j++){
    ^~~
    VITIS_LOOP_135_2: 
/home/users/giuseppe.sorrentino/VOTED/FPGA/_x/setup_aie_hw/setup_aie/setup_aie/solution/.autopilot/db/setup_aie.pp.0.cpp:21431:5: note: FIX-IT applied suggested code changes
/home/users/giuseppe.sorrentino/VOTED/FPGA/_x/setup_aie_hw/setup_aie/setup_aie/solution/.autopilot/db/setup_aie.pp.0.cpp:21445:13: warning: Added loop label VITIS_LOOP_149_3:   [xilinx-label-all-loops]
            for (int j = WO_m-1; j >= W_-1; j--) {
            ^~~
            VITIS_LOOP_149_3: 
/home/users/giuseppe.sorrentino/VOTED/FPGA/_x/setup_aie_hw/setup_aie/setup_aie/solution/.autopilot/db/setup_aie.pp.0.cpp:21445:13: note: FIX-IT applied suggested code changes
/home/users/giuseppe.sorrentino/VOTED/FPGA/_x/setup_aie_hw/setup_aie/setup_aie/solution/.autopilot/db/setup_aie.pp.0.cpp:21475:13: warning: Added loop label VITIS_LOOP_179_4:   [xilinx-label-all-loops]
            for (int j = W_-2; j >= 0; j--){
            ^~~
            VITIS_LOOP_179_4: 
/home/users/giuseppe.sorrentino/VOTED/FPGA/_x/setup_aie_hw/setup_aie/setup_aie/solution/.autopilot/db/setup_aie.pp.0.cpp:21475:13: note: FIX-IT applied suggested code changes
/home/users/giuseppe.sorrentino/VOTED/FPGA/_x/setup_aie_hw/setup_aie/setup_aie/solution/.autopilot/db/setup_aie.pp.0.cpp:21560:12: warning: Added loop label VITIS_LOOP_307_1:   [xilinx-label-all-loops]
           for(int i = wf_log+we_log-2; i > WI_e - 2; --i) {
           ^~~
           VITIS_LOOP_307_1: 
/home/users/giuseppe.sorrentino/VOTED/FPGA/_x/setup_aie_hw/setup_aie/setup_aie/solution/.autopilot/db/setup_aie.pp.0.cpp:21560:12: note: FIX-IT applied suggested code changes
/home/users/giuseppe.sorrentino/VOTED/FPGA/_x/setup_aie_hw/setup_aie/setup_aie/solution/.autopilot/db/setup_aie.pp.0.cpp:21580:16: warning: Added loop label VITIS_LOOP_327_2:   [xilinx-label-all-loops]
               for (int j = WO_e-1; j >= W_-1; j--) {
               ^~~
               VITIS_LOOP_327_2: 
/home/users/giuseppe.sorrentino/VOTED/FPGA/_x/setup_aie_hw/setup_aie/setup_aie/solution/.autopilot/db/setup_aie.pp.0.cpp:21580:16: note: FIX-IT applied suggested code changes
/home/users/giuseppe.sorrentino/VOTED/FPGA/_x/setup_aie_hw/setup_aie/setup_aie/solution/.autopilot/db/setup_aie.pp.0.cpp:21594:20: warning: Added loop label VITIS_LOOP_341_3:   [xilinx-label-all-loops]
                   for(int i = 0; i < W_-1; ++i) {
                   ^~~
                   VITIS_LOOP_341_3: 
/home/users/giuseppe.sorrentino/VOTED/FPGA/_x/setup_aie_hw/setup_aie/setup_aie/solution/.autopilot/db/setup_aie.pp.0.cpp:21594:20: note: FIX-IT applied suggested code changes
/home/users/giuseppe.sorrentino/VOTED/FPGA/_x/setup_aie_hw/setup_aie/setup_aie/solution/.autopilot/db/setup_aie.pp.0.cpp:21687:12: warning: Added loop label VITIS_LOOP_459_1:   [xilinx-label-all-loops]
           for (int j =WO_d-1; j >= W_-1; j--) {
           ^~~
           VITIS_LOOP_459_1: 
/home/users/giuseppe.sorrentino/VOTED/FPGA/_x/setup_aie_hw/setup_aie/setup_aie/solution/.autopilot/db/setup_aie.pp.0.cpp:21687:12: note: FIX-IT applied suggested code changes
/home/users/giuseppe.sorrentino/VOTED/FPGA/_x/setup_aie_hw/setup_aie/setup_aie/solution/.autopilot/db/setup_aie.pp.0.cpp:21701:15: warning: Added loop label VITIS_LOOP_473_2:   [xilinx-label-all-loops]
              for(int i = 0; i < W_-1; ++i) {
              ^~~
              VITIS_LOOP_473_2: 
/home/users/giuseppe.sorrentino/VOTED/FPGA/_x/setup_aie_hw/setup_aie/setup_aie/solution/.autopilot/db/setup_aie.pp.0.cpp:21701:15: note: FIX-IT applied suggested code changes
/home/users/giuseppe.sorrentino/VOTED/FPGA/_x/setup_aie_hw/setup_aie/setup_aie/solution/.autopilot/db/setup_aie.pp.0.cpp:21814:13: warning: Added loop label VITIS_LOOP_59_1:   [xilinx-label-all-loops]
            for (int i = 0; i < W_-1; i++){
            ^~~
            VITIS_LOOP_59_1: 
/home/users/giuseppe.sorrentino/VOTED/FPGA/_x/setup_aie_hw/setup_aie/setup_aie/solution/.autopilot/db/setup_aie.pp.0.cpp:21814:13: note: FIX-IT applied suggested code changes
/home/users/giuseppe.sorrentino/VOTED/FPGA/_x/setup_aie_hw/setup_aie/setup_aie/solution/.autopilot/db/setup_aie.pp.0.cpp:21938:13: warning: Added loop label VITIS_LOOP_209_1:   [xilinx-label-all-loops]
            for (int i = 0; i < W_-1; i++){
            ^~~
            VITIS_LOOP_209_1: 
/home/users/giuseppe.sorrentino/VOTED/FPGA/_x/setup_aie_hw/setup_aie/setup_aie/solution/.autopilot/db/setup_aie.pp.0.cpp:21938:13: note: FIX-IT applied suggested code changes
/home/users/giuseppe.sorrentino/VOTED/FPGA/_x/setup_aie_hw/setup_aie/setup_aie/solution/.autopilot/db/setup_aie.pp.0.cpp:21993:13: warning: Added loop label VITIS_LOOP_274_1:   [xilinx-label-all-loops]
            for (int i = 0; i < W_-1; i++){
            ^~~
            VITIS_LOOP_274_1: 
/home/users/giuseppe.sorrentino/VOTED/FPGA/_x/setup_aie_hw/setup_aie/setup_aie/solution/.autopilot/db/setup_aie.pp.0.cpp:21993:13: note: FIX-IT applied suggested code changes
/home/users/giuseppe.sorrentino/VOTED/FPGA/_x/setup_aie_hw/setup_aie/setup_aie/solution/.autopilot/db/setup_aie.pp.0.cpp:22498:2: warning: Added loop label VITIS_LOOP_42_1:   [xilinx-label-all-loops]
 for (int i=0; i<W_;i++)
 ^~~
 VITIS_LOOP_42_1: 
/home/users/giuseppe.sorrentino/VOTED/FPGA/_x/setup_aie_hw/setup_aie/setup_aie/solution/.autopilot/db/setup_aie.pp.0.cpp:22498:2: note: FIX-IT applied suggested code changes
/home/users/giuseppe.sorrentino/VOTED/FPGA/_x/setup_aie_hw/setup_aie/setup_aie/solution/.autopilot/db/setup_aie.pp.0.cpp:22509:2: warning: Added loop label VITIS_LOOP_53_1:   [xilinx-label-all-loops]
 for (int i=0; i<W_;i++)
 ^~~
 VITIS_LOOP_53_1: 
/home/users/giuseppe.sorrentino/VOTED/FPGA/_x/setup_aie_hw/setup_aie/setup_aie/solution/.autopilot/db/setup_aie.pp.0.cpp:22509:2: note: FIX-IT applied suggested code changes
/home/users/giuseppe.sorrentino/VOTED/FPGA/_x/setup_aie_hw/setup_aie/setup_aie/solution/.autopilot/db/setup_aie.pp.0.cpp:22520:2: warning: Added loop label VITIS_LOOP_64_1:   [xilinx-label-all-loops]
 for (int i=0; i<I_;i++)
 ^~~
 VITIS_LOOP_64_1: 
/home/users/giuseppe.sorrentino/VOTED/FPGA/_x/setup_aie_hw/setup_aie/setup_aie/solution/.autopilot/db/setup_aie.pp.0.cpp:22520:2: note: FIX-IT applied suggested code changes
/home/users/giuseppe.sorrentino/VOTED/FPGA/_x/setup_aie_hw/setup_aie/setup_aie/solution/.autopilot/db/setup_aie.pp.0.cpp:22531:2: warning: Added loop label VITIS_LOOP_75_1:   [xilinx-label-all-loops]
 for (int i=0; i<I_;i++)
 ^~~
 VITIS_LOOP_75_1: 
/home/users/giuseppe.sorrentino/VOTED/FPGA/_x/setup_aie_hw/setup_aie/setup_aie/solution/.autopilot/db/setup_aie.pp.0.cpp:22531:2: note: FIX-IT applied suggested code changes
/home/users/giuseppe.sorrentino/VOTED/FPGA/_x/setup_aie_hw/setup_aie/setup_aie/solution/.autopilot/db/setup_aie.pp.0.cpp:22542:2: warning: Added loop label VITIS_LOOP_86_1:   [xilinx-label-all-loops]
 for (int i=0; i<W_;i++)
 ^~~
 VITIS_LOOP_86_1: 
/home/users/giuseppe.sorrentino/VOTED/FPGA/_x/setup_aie_hw/setup_aie/setup_aie/solution/.autopilot/db/setup_aie.pp.0.cpp:22542:2: note: FIX-IT applied suggested code changes
/home/users/giuseppe.sorrentino/VOTED/FPGA/_x/setup_aie_hw/setup_aie/setup_aie/solution/.autopilot/db/setup_aie.pp.0.cpp:22553:2: warning: Added loop label VITIS_LOOP_97_1:   [xilinx-label-all-loops]
 for (int i=0; i<W_;i++)
 ^~~
 VITIS_LOOP_97_1: 
/home/users/giuseppe.sorrentino/VOTED/FPGA/_x/setup_aie_hw/setup_aie/setup_aie/solution/.autopilot/db/setup_aie.pp.0.cpp:22553:2: note: FIX-IT applied suggested code changes
/home/users/giuseppe.sorrentino/VOTED/FPGA/_x/setup_aie_hw/setup_aie/setup_aie/solution/.autopilot/db/setup_aie.pp.0.cpp:22564:2: warning: Added loop label VITIS_LOOP_108_1:   [xilinx-label-all-loops]
 for (int i=0; i<I_;i++)
 ^~~
 VITIS_LOOP_108_1: 
/home/users/giuseppe.sorrentino/VOTED/FPGA/_x/setup_aie_hw/setup_aie/setup_aie/solution/.autopilot/db/setup_aie.pp.0.cpp:22564:2: note: FIX-IT applied suggested code changes
/home/users/giuseppe.sorrentino/VOTED/FPGA/_x/setup_aie_hw/setup_aie/setup_aie/solution/.autopilot/db/setup_aie.pp.0.cpp:22575:2: warning: Added loop label VITIS_LOOP_119_1:   [xilinx-label-all-loops]
 for (int i=0; i<I_;i++)
 ^~~
 VITIS_LOOP_119_1: 
/home/users/giuseppe.sorrentino/VOTED/FPGA/_x/setup_aie_hw/setup_aie/setup_aie/solution/.autopilot/db/setup_aie.pp.0.cpp:22575:2: note: FIX-IT applied suggested code changes
/home/users/giuseppe.sorrentino/VOTED/FPGA/_x/setup_aie_hw/setup_aie/setup_aie/solution/.autopilot/db/setup_aie.pp.0.cpp:24876:12: warning: Added loop label VITIS_LOOP_23_1:   [xilinx-label-all-loops]
           for(int i = 0; i < W_-1; ++i) {
           ^~~
           VITIS_LOOP_23_1: 
/home/users/giuseppe.sorrentino/VOTED/FPGA/_x/setup_aie_hw/setup_aie/setup_aie/solution/.autopilot/db/setup_aie.pp.0.cpp:24876:12: note: FIX-IT applied suggested code changes
/home/users/giuseppe.sorrentino/VOTED/FPGA/_x/setup_aie_hw/setup_aie/setup_aie/solution/.autopilot/db/setup_aie.pp.0.cpp:24940:7: warning: Added loop label VITIS_LOOP_66_1:   [xilinx-label-all-loops]
      for(int pos = msbr - 1 ; pos >= -F-1; pos--) {
      ^~~
      VITIS_LOOP_66_1: 
/home/users/giuseppe.sorrentino/VOTED/FPGA/_x/setup_aie_hw/setup_aie/setup_aie/solution/.autopilot/db/setup_aie.pp.0.cpp:24940:7: note: FIX-IT applied suggested code changes
/home/users/giuseppe.sorrentino/VOTED/FPGA/_x/setup_aie_hw/setup_aie/setup_aie/solution/.autopilot/db/setup_aie.pp.0.cpp:25057:9: warning: Added loop label VITIS_LOOP_75_1:   [xilinx-label-all-loops]
        for(int pos = msbr - 1; pos >= 0; pos--) {
        ^~~
        VITIS_LOOP_75_1: 
/home/users/giuseppe.sorrentino/VOTED/FPGA/_x/setup_aie_hw/setup_aie/setup_aie/solution/.autopilot/db/setup_aie.pp.0.cpp:25057:9: note: FIX-IT applied suggested code changes
/home/users/giuseppe.sorrentino/VOTED/FPGA/_x/setup_aie_hw/setup_aie/setup_aie/solution/.autopilot/db/setup_aie.pp.0.cpp:25082:5: warning: Added loop label VITIS_LOOP_107_2:   [xilinx-label-all-loops]
    for(int pos = -1; pos >= -F-1; pos--) {
    ^~~
    VITIS_LOOP_107_2: 
/home/users/giuseppe.sorrentino/VOTED/FPGA/_x/setup_aie_hw/setup_aie/setup_aie/solution/.autopilot/db/setup_aie.pp.0.cpp:25082:5: note: FIX-IT applied suggested code changes
/home/users/giuseppe.sorrentino/VOTED/FPGA/_x/setup_aie_hw/setup_aie/setup_aie/solution/.autopilot/db/setup_aie.pp.0.cpp:25152:8: warning: Added loop label VITIS_LOOP_195_3:   [xilinx-label-all-loops]
       for(int i = 0; i < W - 1; ++i) {
       ^~~
       VITIS_LOOP_195_3: 
/home/users/giuseppe.sorrentino/VOTED/FPGA/_x/setup_aie_hw/setup_aie/setup_aie/solution/.autopilot/db/setup_aie.pp.0.cpp:25152:8: note: FIX-IT applied suggested code changes
/home/users/giuseppe.sorrentino/VOTED/FPGA/_x/setup_aie_hw/setup_aie/setup_aie/solution/.autopilot/db/setup_aie.pp.0.cpp:27793:2: warning: Added loop label VITIS_LOOP_53_1:   [xilinx-label-all-loops]
 for (int j = 0; j < size_loop; j++) {
 ^~~
 VITIS_LOOP_53_1: 
/home/users/giuseppe.sorrentino/VOTED/FPGA/_x/setup_aie_hw/setup_aie/setup_aie/solution/.autopilot/db/setup_aie.pp.0.cpp:27793:2: note: FIX-IT applied suggested code changes
